
Action: calculateinvoice
Params: 
invoice::__set_state(array(
   'customerIdentifier' => 'Isaac larian',
   'customerName' => NULL,
   'exempt' => NULL,
   'exemptionCertificate' => NULL,
   'exemptionReason' => NULL,
   'invoiceDate' => '2014-05-12T16:07:22',
   'invoiceNumber' => NULL,
   'invoiceType' => 'INVOICE',
   'lineItems' => 
  array (
    0 => 
    lineItem::__set_state(array(
       'customReference' => '2483',
       'lineItemNumber' => 1,
       'nonTaxableSalesAmount' => NULL,
       'productCode' => 'Art Deco 1000',
       'quantity' => '1',
       'salesAmount' => 
      price::__set_state(array(
         'cents' => NULL,
         'decimalValue' => 52.5,
         'dollars' => NULL,
         'negative' => NULL,
      )),
       'shipFromAddress' => 
      address::__set_state(array(
         'address1' => '8844 Beverly Blvd',
         'address2' => 'Los Angeles, CA 90048',
         'jurisdictions' => NULL,
         'resolvedDate' => NULL,
      )),
       'shipFromLocation' => NULL,
       'shipToAddress' => 
      address::__set_state(array(
         'address1' => '8844 Beverly Blvd',
         'address2' => 'Alabama, 90048',
         'jurisdictions' => NULL,
         'resolvedDate' => NULL,
      )),
       'taxAmount' => NULL,
       'taxableSalesAmount' => NULL,
       'taxes' => NULL,
       'unitPrice' => 
      price::__set_state(array(
         'cents' => NULL,
         'decimalValue' => 52.5,
         'dollars' => NULL,
         'negative' => NULL,
      )),
    )),
    1 => 
    lineItem::__set_state(array(
       'customReference' => '2484',
       'lineItemNumber' => 2,
       'nonTaxableSalesAmount' => NULL,
       'productCode' => '1001\\2',
       'quantity' => '1',
       'salesAmount' => 
      price::__set_state(array(
         'cents' => NULL,
         'decimalValue' => 21.375,
         'dollars' => NULL,
         'negative' => NULL,
      )),
       'shipFromAddress' => 
      address::__set_state(array(
         'address1' => '8844 Beverly Blvd',
         'address2' => 'Los Angeles, CA 90048',
         'jurisdictions' => NULL,
         'resolvedDate' => NULL,
      )),
       'shipFromLocation' => NULL,
       'shipToAddress' => 
      address::__set_state(array(
         'address1' => '8844 Beverly Blvd',
         'address2' => 'Alabama, 90048',
         'jurisdictions' => NULL,
         'resolvedDate' => NULL,
      )),
       'taxAmount' => NULL,
       'taxableSalesAmount' => NULL,
       'taxes' => NULL,
       'unitPrice' => 
      price::__set_state(array(
         'cents' => NULL,
         'decimalValue' => 21.375,
         'dollars' => NULL,
         'negative' => NULL,
      )),
    )),
  ),
))
Result: 
stdClass::__set_state(array(
   'CalculateInvoiceResult' => 
  stdClass::__set_state(array(
     'resultType' => 'SUCCESS',
     'lineItemBundles' => 
    stdClass::__set_state(array(
       'addressForTax' => 
      stdClass::__set_state(array(
         'address' => '8844 BEVERLY BLVD',
         'city' => 'LOS ANGELES',
         'country' => 'USA',
         'fullFipsCode' => '06037',
         'latitude' => 34.077056,
         'longitude' => -118.384966,
         'state' => 'CA',
         'zip' => '90048-2411',
      )),
       'lineItems' => 
      array (
        0 => 
        stdClass::__set_state(array(
           'customReference' => '2483',
           'lineItemNumber' => 1,
           'productCode' => 'Art Deco 1000',
           'quantity' => 1,
           'nonTaxableSalesAmount' => 
          stdClass::__set_state(array(
             'cents' => 0,
             'decimalValue' => 0,
             'dollars' => 0,
             'negative' => false,
          )),
           'salesAmount' => 
          stdClass::__set_state(array(
             'cents' => 50,
             'decimalValue' => 52.5,
             'dollars' => 52,
             'negative' => false,
          )),
           'shipFromAddress' => 
          stdClass::__set_state(array(
             'address1' => '8844 Beverly Blvd',
             'address2' => 'Los Angeles, CA 90048-2411',
             'country' => 'US',
             'latitude' => 0,
             'longitude' => 0,
          )),
           'shipToAddress' => 
          stdClass::__set_state(array(
             'address1' => '8844 Beverly Blvd',
             'address2' => 'Alabama, CA 90048-2411',
             'country' => 'US',
             'latitude' => 0,
             'longitude' => 0,
          )),
           'taxAmount' => 
          stdClass::__set_state(array(
             'cents' => 73,
             'decimalValue' => 4.73,
             'dollars' => 4,
             'negative' => false,
          )),
           'taxableSalesAmount' => 
          stdClass::__set_state(array(
             'cents' => 50,
             'decimalValue' => 52.5,
             'dollars' => 52,
             'negative' => false,
          )),
           'taxes' => 
          array (
            0 => 
            stdClass::__set_state(array(
               'jurisdictionFips' => '06',
               'jurisdictionLevel' => 'STATE',
               'jurisdictionName' => 'California',
               'effectiveRate' => 0.0625,
               'taxationType' => 'SALES',
               'totalTax' => 
              stdClass::__set_state(array(
                 'cents' => 28,
                 'decimalValue' => 3.28,
                 'dollars' => 3,
                 'negative' => false,
              )),
            )),
            1 => 
            stdClass::__set_state(array(
               'jurisdictionFips' => '037',
               'jurisdictionLevel' => 'COUNTY',
               'jurisdictionName' => 'LOS ANGELES',
               'effectiveRate' => 0.0125,
               'taxationType' => 'SALES',
               'totalTax' => 
              stdClass::__set_state(array(
                 'cents' => 66,
                 'decimalValue' => 0.66,
                 'dollars' => 0,
                 'negative' => false,
              )),
            )),
            2 => 
            stdClass::__set_state(array(
               'jurisdictionFips' => '037L',
               'jurisdictionLevel' => 'SPECIAL',
               'jurisdictionName' => 'DISTRICT TAX (LACT) (LATC), LOS ANGELES',
               'effectiveRate' => 0.015,
               'taxationType' => 'SALES',
               'totalTax' => 
              stdClass::__set_state(array(
                 'cents' => 79,
                 'decimalValue' => 0.79,
                 'dollars' => 0,
                 'negative' => false,
              )),
            )),
          ),
           'unitPrice' => 
          stdClass::__set_state(array(
             'cents' => 50,
             'decimalValue' => 52.5,
             'dollars' => 52,
             'negative' => false,
          )),
        )),
        1 => 
        stdClass::__set_state(array(
           'customReference' => '2484',
           'lineItemNumber' => 2,
           'productCode' => '1001\\2',
           'quantity' => 1,
           'nonTaxableSalesAmount' => 
          stdClass::__set_state(array(
             'cents' => 0,
             'decimalValue' => 0,
             'dollars' => 0,
             'negative' => false,
          )),
           'salesAmount' => 
          stdClass::__set_state(array(
             'cents' => 38,
             'decimalValue' => 21.38,
             'dollars' => 21,
             'negative' => false,
          )),
           'shipFromAddress' => 
          stdClass::__set_state(array(
             'address1' => '8844 Beverly Blvd',
             'address2' => 'Los Angeles, CA 90048-2411',
             'country' => 'US',
             'latitude' => 0,
             'longitude' => 0,
          )),
           'shipToAddress' => 
          stdClass::__set_state(array(
             'address1' => '8844 Beverly Blvd',
             'address2' => 'Alabama, CA 90048-2411',
             'country' => 'US',
             'latitude' => 0,
             'longitude' => 0,
          )),
           'taxAmount' => 
          stdClass::__set_state(array(
             'cents' => 92,
             'decimalValue' => 1.92,
             'dollars' => 1,
             'negative' => false,
          )),
           'taxableSalesAmount' => 
          stdClass::__set_state(array(
             'cents' => 38,
             'decimalValue' => 21.38,
             'dollars' => 21,
             'negative' => false,
          )),
           'taxes' => 
          array (
            0 => 
            stdClass::__set_state(array(
               'jurisdictionFips' => '037L',
               'jurisdictionLevel' => 'SPECIAL',
               'jurisdictionName' => 'DISTRICT TAX (LACT) (LATC), LOS ANGELES',
               'effectiveRate' => 0.015,
               'taxationType' => 'SALES',
               'totalTax' => 
              stdClass::__set_state(array(
                 'cents' => 32,
                 'decimalValue' => 0.32,
                 'dollars' => 0,
                 'negative' => false,
              )),
            )),
            1 => 
            stdClass::__set_state(array(
               'jurisdictionFips' => '06',
               'jurisdictionLevel' => 'STATE',
               'jurisdictionName' => 'California',
               'effectiveRate' => 0.0625,
               'taxationType' => 'SALES',
               'totalTax' => 
              stdClass::__set_state(array(
                 'cents' => 34,
                 'decimalValue' => 1.34,
                 'dollars' => 1,
                 'negative' => false,
              )),
            )),
            2 => 
            stdClass::__set_state(array(
               'jurisdictionFips' => '037',
               'jurisdictionLevel' => 'COUNTY',
               'jurisdictionName' => 'LOS ANGELES',
               'effectiveRate' => 0.0125,
               'taxationType' => 'SALES',
               'totalTax' => 
              stdClass::__set_state(array(
                 'cents' => 27,
                 'decimalValue' => 0.27,
                 'dollars' => 0,
                 'negative' => false,
              )),
            )),
          ),
           'unitPrice' => 
          stdClass::__set_state(array(
             'cents' => 38,
             'decimalValue' => 21.38,
             'dollars' => 21,
             'negative' => false,
          )),
        )),
      ),
       'recalculatedJurisdictions' => true,
       'resultType' => 'FULL',
       'taxes' => 
      array (
        0 => 
        stdClass::__set_state(array(
           'jurisdictionFips' => '06',
           'jurisdictionLevel' => 'STATE',
           'jurisdictionName' => 'California',
           'effectiveRate' => 0.0625,
           'totalTax' => 
          stdClass::__set_state(array(
             'cents' => 62,
             'decimalValue' => 4.62,
             'dollars' => 4,
             'negative' => false,
          )),
        )),
        1 => 
        stdClass::__set_state(array(
           'jurisdictionFips' => '037',
           'jurisdictionLevel' => 'COUNTY',
           'jurisdictionName' => 'LOS ANGELES',
           'effectiveRate' => 0.0125,
           'totalTax' => 
          stdClass::__set_state(array(
             'cents' => 92,
             'decimalValue' => 0.92,
             'dollars' => 0,
             'negative' => false,
          )),
        )),
        2 => 
        stdClass::__set_state(array(
           'jurisdictionFips' => '037L',
           'jurisdictionLevel' => 'SPECIAL',
           'jurisdictionName' => 'DISTRICT TAX (LACT) (LATC), LOS ANGELES',
           'effectiveRate' => 0.015,
           'totalTax' => 
          stdClass::__set_state(array(
             'cents' => 11,
             'decimalValue' => 1.11,
             'dollars' => 1,
             'negative' => false,
          )),
        )),
      ),
    )),
     'totalExemptSales' => 
    stdClass::__set_state(array(
       'cents' => 0,
       'decimalValue' => 0,
       'dollars' => 0,
       'negative' => false,
    )),
     'totalSales' => 
    stdClass::__set_state(array(
       'cents' => 88,
       'decimalValue' => 73.88,
       'dollars' => 73,
       'negative' => false,
    )),
     'totalTax' => 
    stdClass::__set_state(array(
       'cents' => 65,
       'decimalValue' => 6.65,
       'dollars' => 6,
       'negative' => false,
    )),
  )),
))
