
Action: calculateinvoice
Params: 
invoice::__set_state(array(
   'customerIdentifier' => 'Wendy R. Wintrob',
   'customerName' => NULL,
   'exempt' => NULL,
   'exemptionCertificate' => NULL,
   'exemptionReason' => NULL,
   'invoiceDate' => '2014-09-02T18:02:35',
   'invoiceNumber' => NULL,
   'invoiceType' => 'INVOICE',
   'lineItems' => 
  array (
    0 => 
    lineItem::__set_state(array(
       'customReference' => '2595',
       'lineItemNumber' => 1,
       'nonTaxableSalesAmount' => NULL,
       'productCode' => 'M1000909',
       'quantity' => '1',
       'salesAmount' => 
      price::__set_state(array(
         'cents' => NULL,
         'decimalValue' => 23,
         'dollars' => NULL,
         'negative' => NULL,
      )),
       'shipFromAddress' => 
      address::__set_state(array(
         'address1' => '8844 Beverly Blvd',
         'address2' => 'Los Angeles, CA 90048',
         'jurisdictions' => NULL,
         'resolvedDate' => NULL,
      )),
       'shipFromLocation' => NULL,
       'shipToAddress' => 
      address::__set_state(array(
         'address1' => '1434 W. Colorado Blvd',
         'address2' => 'Pasadena, California, 91105',
         'jurisdictions' => NULL,
         'resolvedDate' => NULL,
      )),
       'taxAmount' => NULL,
       'taxableSalesAmount' => NULL,
       'taxes' => NULL,
       'unitPrice' => 
      price::__set_state(array(
         'cents' => NULL,
         'decimalValue' => 23,
         'dollars' => NULL,
         'negative' => NULL,
      )),
    )),
    1 => 
    lineItem::__set_state(array(
       'customReference' => '2594',
       'lineItemNumber' => 2,
       'nonTaxableSalesAmount' => NULL,
       'productCode' => 'M1000609',
       'quantity' => '1',
       'salesAmount' => 
      price::__set_state(array(
         'cents' => NULL,
         'decimalValue' => 23,
         'dollars' => NULL,
         'negative' => NULL,
      )),
       'shipFromAddress' => 
      address::__set_state(array(
         'address1' => '8844 Beverly Blvd',
         'address2' => 'Los Angeles, CA 90048',
         'jurisdictions' => NULL,
         'resolvedDate' => NULL,
      )),
       'shipFromLocation' => NULL,
       'shipToAddress' => 
      address::__set_state(array(
         'address1' => '1434 W. Colorado Blvd',
         'address2' => 'Pasadena, California, 91105',
         'jurisdictions' => NULL,
         'resolvedDate' => NULL,
      )),
       'taxAmount' => NULL,
       'taxableSalesAmount' => NULL,
       'taxes' => NULL,
       'unitPrice' => 
      price::__set_state(array(
         'cents' => NULL,
         'decimalValue' => 23,
         'dollars' => NULL,
         'negative' => NULL,
      )),
    )),
    2 => 
    lineItem::__set_state(array(
       'customReference' => '2593',
       'lineItemNumber' => 3,
       'nonTaxableSalesAmount' => NULL,
       'productCode' => 'M1000509',
       'quantity' => '1',
       'salesAmount' => 
      price::__set_state(array(
         'cents' => NULL,
         'decimalValue' => 23,
         'dollars' => NULL,
         'negative' => NULL,
      )),
       'shipFromAddress' => 
      address::__set_state(array(
         'address1' => '8844 Beverly Blvd',
         'address2' => 'Los Angeles, CA 90048',
         'jurisdictions' => NULL,
         'resolvedDate' => NULL,
      )),
       'shipFromLocation' => NULL,
       'shipToAddress' => 
      address::__set_state(array(
         'address1' => '1434 W. Colorado Blvd',
         'address2' => 'Pasadena, California, 91105',
         'jurisdictions' => NULL,
         'resolvedDate' => NULL,
      )),
       'taxAmount' => NULL,
       'taxableSalesAmount' => NULL,
       'taxes' => NULL,
       'unitPrice' => 
      price::__set_state(array(
         'cents' => NULL,
         'decimalValue' => 23,
         'dollars' => NULL,
         'negative' => NULL,
      )),
    )),
    3 => 
    lineItem::__set_state(array(
       'customReference' => '2592',
       'lineItemNumber' => 4,
       'nonTaxableSalesAmount' => NULL,
       'productCode' => 'M1000409',
       'quantity' => '1',
       'salesAmount' => 
      price::__set_state(array(
         'cents' => NULL,
         'decimalValue' => 23,
         'dollars' => NULL,
         'negative' => NULL,
      )),
       'shipFromAddress' => 
      address::__set_state(array(
         'address1' => '8844 Beverly Blvd',
         'address2' => 'Los Angeles, CA 90048',
         'jurisdictions' => NULL,
         'resolvedDate' => NULL,
      )),
       'shipFromLocation' => NULL,
       'shipToAddress' => 
      address::__set_state(array(
         'address1' => '1434 W. Colorado Blvd',
         'address2' => 'Pasadena, California, 91105',
         'jurisdictions' => NULL,
         'resolvedDate' => NULL,
      )),
       'taxAmount' => NULL,
       'taxableSalesAmount' => NULL,
       'taxes' => NULL,
       'unitPrice' => 
      price::__set_state(array(
         'cents' => NULL,
         'decimalValue' => 23,
         'dollars' => NULL,
         'negative' => NULL,
      )),
    )),
    4 => 
    lineItem::__set_state(array(
       'customReference' => '2591',
       'lineItemNumber' => 5,
       'nonTaxableSalesAmount' => NULL,
       'productCode' => 'M1000309',
       'quantity' => '1',
       'salesAmount' => 
      price::__set_state(array(
         'cents' => NULL,
         'decimalValue' => 23,
         'dollars' => NULL,
         'negative' => NULL,
      )),
       'shipFromAddress' => 
      address::__set_state(array(
         'address1' => '8844 Beverly Blvd',
         'address2' => 'Los Angeles, CA 90048',
         'jurisdictions' => NULL,
         'resolvedDate' => NULL,
      )),
       'shipFromLocation' => NULL,
       'shipToAddress' => 
      address::__set_state(array(
         'address1' => '1434 W. Colorado Blvd',
         'address2' => 'Pasadena, California, 91105',
         'jurisdictions' => NULL,
         'resolvedDate' => NULL,
      )),
       'taxAmount' => NULL,
       'taxableSalesAmount' => NULL,
       'taxes' => NULL,
       'unitPrice' => 
      price::__set_state(array(
         'cents' => NULL,
         'decimalValue' => 23,
         'dollars' => NULL,
         'negative' => NULL,
      )),
    )),
    5 => 
    lineItem::__set_state(array(
       'customReference' => '2590',
       'lineItemNumber' => 6,
       'nonTaxableSalesAmount' => NULL,
       'productCode' => 'M1000209',
       'quantity' => '1',
       'salesAmount' => 
      price::__set_state(array(
         'cents' => NULL,
         'decimalValue' => 23,
         'dollars' => NULL,
         'negative' => NULL,
      )),
       'shipFromAddress' => 
      address::__set_state(array(
         'address1' => '8844 Beverly Blvd',
         'address2' => 'Los Angeles, CA 90048',
         'jurisdictions' => NULL,
         'resolvedDate' => NULL,
      )),
       'shipFromLocation' => NULL,
       'shipToAddress' => 
      address::__set_state(array(
         'address1' => '1434 W. Colorado Blvd',
         'address2' => 'Pasadena, California, 91105',
         'jurisdictions' => NULL,
         'resolvedDate' => NULL,
      )),
       'taxAmount' => NULL,
       'taxableSalesAmount' => NULL,
       'taxes' => NULL,
       'unitPrice' => 
      price::__set_state(array(
         'cents' => NULL,
         'decimalValue' => 23,
         'dollars' => NULL,
         'negative' => NULL,
      )),
    )),
    6 => 
    lineItem::__set_state(array(
       'customReference' => '2582',
       'lineItemNumber' => 7,
       'nonTaxableSalesAmount' => NULL,
       'productCode' => 'M1000202',
       'quantity' => '2',
       'salesAmount' => 
      price::__set_state(array(
         'cents' => NULL,
         'decimalValue' => 46,
         'dollars' => NULL,
         'negative' => NULL,
      )),
       'shipFromAddress' => 
      address::__set_state(array(
         'address1' => '8844 Beverly Blvd',
         'address2' => 'Los Angeles, CA 90048',
         'jurisdictions' => NULL,
         'resolvedDate' => NULL,
      )),
       'shipFromLocation' => NULL,
       'shipToAddress' => 
      address::__set_state(array(
         'address1' => '1434 W. Colorado Blvd',
         'address2' => 'Pasadena, California, 91105',
         'jurisdictions' => NULL,
         'resolvedDate' => NULL,
      )),
       'taxAmount' => NULL,
       'taxableSalesAmount' => NULL,
       'taxes' => NULL,
       'unitPrice' => 
      price::__set_state(array(
         'cents' => NULL,
         'decimalValue' => 23,
         'dollars' => NULL,
         'negative' => NULL,
      )),
    )),
    7 => 
    lineItem::__set_state(array(
       'customReference' => '2583',
       'lineItemNumber' => 8,
       'nonTaxableSalesAmount' => NULL,
       'productCode' => 'M1000302',
       'quantity' => '1',
       'salesAmount' => 
      price::__set_state(array(
         'cents' => NULL,
         'decimalValue' => 23,
         'dollars' => NULL,
         'negative' => NULL,
      )),
       'shipFromAddress' => 
      address::__set_state(array(
         'address1' => '8844 Beverly Blvd',
         'address2' => 'Los Angeles, CA 90048',
         'jurisdictions' => NULL,
         'resolvedDate' => NULL,
      )),
       'shipFromLocation' => NULL,
       'shipToAddress' => 
      address::__set_state(array(
         'address1' => '1434 W. Colorado Blvd',
         'address2' => 'Pasadena, California, 91105',
         'jurisdictions' => NULL,
         'resolvedDate' => NULL,
      )),
       'taxAmount' => NULL,
       'taxableSalesAmount' => NULL,
       'taxes' => NULL,
       'unitPrice' => 
      price::__set_state(array(
         'cents' => NULL,
         'decimalValue' => 23,
         'dollars' => NULL,
         'negative' => NULL,
      )),
    )),
    8 => 
    lineItem::__set_state(array(
       'customReference' => '2584',
       'lineItemNumber' => 9,
       'nonTaxableSalesAmount' => NULL,
       'productCode' => 'M1000402',
       'quantity' => '1',
       'salesAmount' => 
      price::__set_state(array(
         'cents' => NULL,
         'decimalValue' => 23,
         'dollars' => NULL,
         'negative' => NULL,
      )),
       'shipFromAddress' => 
      address::__set_state(array(
         'address1' => '8844 Beverly Blvd',
         'address2' => 'Los Angeles, CA 90048',
         'jurisdictions' => NULL,
         'resolvedDate' => NULL,
      )),
       'shipFromLocation' => NULL,
       'shipToAddress' => 
      address::__set_state(array(
         'address1' => '1434 W. Colorado Blvd',
         'address2' => 'Pasadena, California, 91105',
         'jurisdictions' => NULL,
         'resolvedDate' => NULL,
      )),
       'taxAmount' => NULL,
       'taxableSalesAmount' => NULL,
       'taxes' => NULL,
       'unitPrice' => 
      price::__set_state(array(
         'cents' => NULL,
         'decimalValue' => 23,
         'dollars' => NULL,
         'negative' => NULL,
      )),
    )),
    9 => 
    lineItem::__set_state(array(
       'customReference' => '2585',
       'lineItemNumber' => 10,
       'nonTaxableSalesAmount' => NULL,
       'productCode' => 'M1000502',
       'quantity' => '1',
       'salesAmount' => 
      price::__set_state(array(
         'cents' => NULL,
         'decimalValue' => 23,
         'dollars' => NULL,
         'negative' => NULL,
      )),
       'shipFromAddress' => 
      address::__set_state(array(
         'address1' => '8844 Beverly Blvd',
         'address2' => 'Los Angeles, CA 90048',
         'jurisdictions' => NULL,
         'resolvedDate' => NULL,
      )),
       'shipFromLocation' => NULL,
       'shipToAddress' => 
      address::__set_state(array(
         'address1' => '1434 W. Colorado Blvd',
         'address2' => 'Pasadena, California, 91105',
         'jurisdictions' => NULL,
         'resolvedDate' => NULL,
      )),
       'taxAmount' => NULL,
       'taxableSalesAmount' => NULL,
       'taxes' => NULL,
       'unitPrice' => 
      price::__set_state(array(
         'cents' => NULL,
         'decimalValue' => 23,
         'dollars' => NULL,
         'negative' => NULL,
      )),
    )),
    10 => 
    lineItem::__set_state(array(
       'customReference' => '2655',
       'lineItemNumber' => 11,
       'nonTaxableSalesAmount' => NULL,
       'productCode' => 'M1100220',
       'quantity' => '1',
       'salesAmount' => 
      price::__set_state(array(
         'cents' => NULL,
         'decimalValue' => 64,
         'dollars' => NULL,
         'negative' => NULL,
      )),
       'shipFromAddress' => 
      address::__set_state(array(
         'address1' => '8844 Beverly Blvd',
         'address2' => 'Los Angeles, CA 90048',
         'jurisdictions' => NULL,
         'resolvedDate' => NULL,
      )),
       'shipFromLocation' => NULL,
       'shipToAddress' => 
      address::__set_state(array(
         'address1' => '1434 W. Colorado Blvd',
         'address2' => 'Pasadena, California, 91105',
         'jurisdictions' => NULL,
         'resolvedDate' => NULL,
      )),
       'taxAmount' => NULL,
       'taxableSalesAmount' => NULL,
       'taxes' => NULL,
       'unitPrice' => 
      price::__set_state(array(
         'cents' => NULL,
         'decimalValue' => 64,
         'dollars' => NULL,
         'negative' => NULL,
      )),
    )),
    11 => 
    lineItem::__set_state(array(
       'customReference' => '2660',
       'lineItemNumber' => 12,
       'nonTaxableSalesAmount' => NULL,
       'productCode' => 'M1090023',
       'quantity' => '1',
       'salesAmount' => 
      price::__set_state(array(
         'cents' => NULL,
         'decimalValue' => 128,
         'dollars' => NULL,
         'negative' => NULL,
      )),
       'shipFromAddress' => 
      address::__set_state(array(
         'address1' => '8844 Beverly Blvd',
         'address2' => 'Los Angeles, CA 90048',
         'jurisdictions' => NULL,
         'resolvedDate' => NULL,
      )),
       'shipFromLocation' => NULL,
       'shipToAddress' => 
      address::__set_state(array(
         'address1' => '1434 W. Colorado Blvd',
         'address2' => 'Pasadena, California, 91105',
         'jurisdictions' => NULL,
         'resolvedDate' => NULL,
      )),
       'taxAmount' => NULL,
       'taxableSalesAmount' => NULL,
       'taxes' => NULL,
       'unitPrice' => 
      price::__set_state(array(
         'cents' => NULL,
         'decimalValue' => 128,
         'dollars' => NULL,
         'negative' => NULL,
      )),
    )),
    12 => 
    lineItem::__set_state(array(
       'customReference' => '2586',
       'lineItemNumber' => 13,
       'nonTaxableSalesAmount' => NULL,
       'productCode' => 'M1000602',
       'quantity' => '1',
       'salesAmount' => 
      price::__set_state(array(
         'cents' => NULL,
         'decimalValue' => 23,
         'dollars' => NULL,
         'negative' => NULL,
      )),
       'shipFromAddress' => 
      address::__set_state(array(
         'address1' => '8844 Beverly Blvd',
         'address2' => 'Los Angeles, CA 90048',
         'jurisdictions' => NULL,
         'resolvedDate' => NULL,
      )),
       'shipFromLocation' => NULL,
       'shipToAddress' => 
      address::__set_state(array(
         'address1' => '1434 W. Colorado Blvd',
         'address2' => 'Pasadena, California, 91105',
         'jurisdictions' => NULL,
         'resolvedDate' => NULL,
      )),
       'taxAmount' => NULL,
       'taxableSalesAmount' => NULL,
       'taxes' => NULL,
       'unitPrice' => 
      price::__set_state(array(
         'cents' => NULL,
         'decimalValue' => 23,
         'dollars' => NULL,
         'negative' => NULL,
      )),
    )),
    13 => 
    lineItem::__set_state(array(
       'customReference' => '2587',
       'lineItemNumber' => 14,
       'nonTaxableSalesAmount' => NULL,
       'productCode' => 'M1000902',
       'quantity' => '1',
       'salesAmount' => 
      price::__set_state(array(
         'cents' => NULL,
         'decimalValue' => 23,
         'dollars' => NULL,
         'negative' => NULL,
      )),
       'shipFromAddress' => 
      address::__set_state(array(
         'address1' => '8844 Beverly Blvd',
         'address2' => 'Los Angeles, CA 90048',
         'jurisdictions' => NULL,
         'resolvedDate' => NULL,
      )),
       'shipFromLocation' => NULL,
       'shipToAddress' => 
      address::__set_state(array(
         'address1' => '1434 W. Colorado Blvd',
         'address2' => 'Pasadena, California, 91105',
         'jurisdictions' => NULL,
         'resolvedDate' => NULL,
      )),
       'taxAmount' => NULL,
       'taxableSalesAmount' => NULL,
       'taxes' => NULL,
       'unitPrice' => 
      price::__set_state(array(
         'cents' => NULL,
         'decimalValue' => 23,
         'dollars' => NULL,
         'negative' => NULL,
      )),
    )),
  ),
))
Result: 
stdClass::__set_state(array(
   'CalculateInvoiceResult' => 
  stdClass::__set_state(array(
     'resultType' => 'SUCCESS',
     'lineItemBundles' => 
    stdClass::__set_state(array(
       'addressForTax' => 
      stdClass::__set_state(array(
         'address' => '1434 W COLORADO BLVD',
         'city' => 'PASADENA',
         'country' => 'USA',
         'fullFipsCode' => '06037',
         'latitude' => 34.140791,
         'longitude' => -118.178707,
         'state' => 'CA',
         'zip' => '91105-1414',
      )),
       'lineItems' => 
      array (
        0 => 
        stdClass::__set_state(array(
           'customReference' => '2595',
           'lineItemNumber' => 1,
           'productCode' => 'M1000909',
           'quantity' => 1,
           'nonTaxableSalesAmount' => 
          stdClass::__set_state(array(
             'cents' => 0,
             'decimalValue' => 0,
             'dollars' => 0,
             'negative' => false,
          )),
           'salesAmount' => 
          stdClass::__set_state(array(
             'cents' => 0,
             'decimalValue' => 23,
             'dollars' => 23,
             'negative' => false,
          )),
           'shipFromAddress' => 
          stdClass::__set_state(array(
             'address1' => '8844 Beverly Blvd',
             'address2' => 'Los Angeles, CA 90048-2411',
             'country' => 'US',
             'latitude' => 0,
             'longitude' => 0,
          )),
           'shipToAddress' => 
          stdClass::__set_state(array(
             'address1' => '1434 W. Colorado Blvd',
             'address2' => 'Pasadena, CA 91105-1414',
             'country' => 'US',
             'latitude' => 0,
             'longitude' => 0,
          )),
           'taxAmount' => 
          stdClass::__set_state(array(
             'cents' => 7,
             'decimalValue' => 2.07,
             'dollars' => 2,
             'negative' => false,
          )),
           'taxableSalesAmount' => 
          stdClass::__set_state(array(
             'cents' => 0,
             'decimalValue' => 23,
             'dollars' => 23,
             'negative' => false,
          )),
           'taxes' => 
          array (
            0 => 
            stdClass::__set_state(array(
               'jurisdictionFips' => '06',
               'jurisdictionLevel' => 'STATE',
               'jurisdictionName' => 'California',
               'effectiveRate' => 0.0625,
               'taxationType' => 'SALES',
               'totalTax' => 
              stdClass::__set_state(array(
                 'cents' => 44,
                 'decimalValue' => 1.44,
                 'dollars' => 1,
                 'negative' => false,
              )),
            )),
            1 => 
            stdClass::__set_state(array(
               'jurisdictionFips' => '037',
               'jurisdictionLevel' => 'COUNTY',
               'jurisdictionName' => 'LOS ANGELES',
               'effectiveRate' => 0.0125,
               'taxationType' => 'SALES',
               'totalTax' => 
              stdClass::__set_state(array(
                 'cents' => 29,
                 'decimalValue' => 0.29,
                 'dollars' => 0,
                 'negative' => false,
              )),
            )),
            2 => 
            stdClass::__set_state(array(
               'jurisdictionFips' => '037L',
               'jurisdictionLevel' => 'SPECIAL',
               'jurisdictionName' => 'DISTRICT TAX (LACT) (LATC), LOS ANGELES',
               'effectiveRate' => 0.015,
               'taxationType' => 'SALES',
               'totalTax' => 
              stdClass::__set_state(array(
                 'cents' => 35,
                 'decimalValue' => 0.35,
                 'dollars' => 0,
                 'negative' => false,
              )),
            )),
          ),
           'unitPrice' => 
          stdClass::__set_state(array(
             'cents' => 0,
             'decimalValue' => 23,
             'dollars' => 23,
             'negative' => false,
          )),
        )),
        1 => 
        stdClass::__set_state(array(
           'customReference' => '2594',
           'lineItemNumber' => 2,
           'productCode' => 'M1000609',
           'quantity' => 1,
           'nonTaxableSalesAmount' => 
          stdClass::__set_state(array(
             'cents' => 0,
             'decimalValue' => 0,
             'dollars' => 0,
             'negative' => false,
          )),
           'salesAmount' => 
          stdClass::__set_state(array(
             'cents' => 0,
             'decimalValue' => 23,
             'dollars' => 23,
             'negative' => false,
          )),
           'shipFromAddress' => 
          stdClass::__set_state(array(
             'address1' => '8844 Beverly Blvd',
             'address2' => 'Los Angeles, CA 90048-2411',
             'country' => 'US',
             'latitude' => 0,
             'longitude' => 0,
          )),
           'shipToAddress' => 
          stdClass::__set_state(array(
             'address1' => '1434 W. Colorado Blvd',
             'address2' => 'Pasadena, CA 91105-1414',
             'country' => 'US',
             'latitude' => 0,
             'longitude' => 0,
          )),
           'taxAmount' => 
          stdClass::__set_state(array(
             'cents' => 7,
             'decimalValue' => 2.07,
             'dollars' => 2,
             'negative' => false,
          )),
           'taxableSalesAmount' => 
          stdClass::__set_state(array(
             'cents' => 0,
             'decimalValue' => 23,
             'dollars' => 23,
             'negative' => false,
          )),
           'taxes' => 
          array (
            0 => 
            stdClass::__set_state(array(
               'jurisdictionFips' => '06',
               'jurisdictionLevel' => 'STATE',
               'jurisdictionName' => 'California',
               'effectiveRate' => 0.0625,
               'taxationType' => 'SALES',
               'totalTax' => 
              stdClass::__set_state(array(
                 'cents' => 44,
                 'decimalValue' => 1.44,
                 'dollars' => 1,
                 'negative' => false,
              )),
            )),
            1 => 
            stdClass::__set_state(array(
               'jurisdictionFips' => '037',
               'jurisdictionLevel' => 'COUNTY',
               'jurisdictionName' => 'LOS ANGELES',
               'effectiveRate' => 0.0125,
               'taxationType' => 'SALES',
               'totalTax' => 
              stdClass::__set_state(array(
                 'cents' => 29,
                 'decimalValue' => 0.29,
                 'dollars' => 0,
                 'negative' => false,
              )),
            )),
            2 => 
            stdClass::__set_state(array(
               'jurisdictionFips' => '037L',
               'jurisdictionLevel' => 'SPECIAL',
               'jurisdictionName' => 'DISTRICT TAX (LACT) (LATC), LOS ANGELES',
               'effectiveRate' => 0.015,
               'taxationType' => 'SALES',
               'totalTax' => 
              stdClass::__set_state(array(
                 'cents' => 35,
                 'decimalValue' => 0.35,
                 'dollars' => 0,
                 'negative' => false,
              )),
            )),
          ),
           'unitPrice' => 
          stdClass::__set_state(array(
             'cents' => 0,
             'decimalValue' => 23,
             'dollars' => 23,
             'negative' => false,
          )),
        )),
        2 => 
        stdClass::__set_state(array(
           'customReference' => '2593',
           'lineItemNumber' => 3,
           'productCode' => 'M1000509',
           'quantity' => 1,
           'nonTaxableSalesAmount' => 
          stdClass::__set_state(array(
             'cents' => 0,
             'decimalValue' => 0,
             'dollars' => 0,
             'negative' => false,
          )),
           'salesAmount' => 
          stdClass::__set_state(array(
             'cents' => 0,
             'decimalValue' => 23,
             'dollars' => 23,
             'negative' => false,
          )),
           'shipFromAddress' => 
          stdClass::__set_state(array(
             'address1' => '8844 Beverly Blvd',
             'address2' => 'Los Angeles, CA 90048-2411',
             'country' => 'US',
             'latitude' => 0,
             'longitude' => 0,
          )),
           'shipToAddress' => 
          stdClass::__set_state(array(
             'address1' => '1434 W. Colorado Blvd',
             'address2' => 'Pasadena, CA 91105-1414',
             'country' => 'US',
             'latitude' => 0,
             'longitude' => 0,
          )),
           'taxAmount' => 
          stdClass::__set_state(array(
             'cents' => 7,
             'decimalValue' => 2.07,
             'dollars' => 2,
             'negative' => false,
          )),
           'taxableSalesAmount' => 
          stdClass::__set_state(array(
             'cents' => 0,
             'decimalValue' => 23,
             'dollars' => 23,
             'negative' => false,
          )),
           'taxes' => 
          array (
            0 => 
            stdClass::__set_state(array(
               'jurisdictionFips' => '06',
               'jurisdictionLevel' => 'STATE',
               'jurisdictionName' => 'California',
               'effectiveRate' => 0.0625,
               'taxationType' => 'SALES',
               'totalTax' => 
              stdClass::__set_state(array(
                 'cents' => 44,
                 'decimalValue' => 1.44,
                 'dollars' => 1,
                 'negative' => false,
              )),
            )),
            1 => 
            stdClass::__set_state(array(
               'jurisdictionFips' => '037',
               'jurisdictionLevel' => 'COUNTY',
               'jurisdictionName' => 'LOS ANGELES',
               'effectiveRate' => 0.0125,
               'taxationType' => 'SALES',
               'totalTax' => 
              stdClass::__set_state(array(
                 'cents' => 29,
                 'decimalValue' => 0.29,
                 'dollars' => 0,
                 'negative' => false,
              )),
            )),
            2 => 
            stdClass::__set_state(array(
               'jurisdictionFips' => '037L',
               'jurisdictionLevel' => 'SPECIAL',
               'jurisdictionName' => 'DISTRICT TAX (LACT) (LATC), LOS ANGELES',
               'effectiveRate' => 0.015,
               'taxationType' => 'SALES',
               'totalTax' => 
              stdClass::__set_state(array(
                 'cents' => 35,
                 'decimalValue' => 0.35,
                 'dollars' => 0,
                 'negative' => false,
              )),
            )),
          ),
           'unitPrice' => 
          stdClass::__set_state(array(
             'cents' => 0,
             'decimalValue' => 23,
             'dollars' => 23,
             'negative' => false,
          )),
        )),
        3 => 
        stdClass::__set_state(array(
           'customReference' => '2592',
           'lineItemNumber' => 4,
           'productCode' => 'M1000409',
           'quantity' => 1,
           'nonTaxableSalesAmount' => 
          stdClass::__set_state(array(
             'cents' => 0,
             'decimalValue' => 0,
             'dollars' => 0,
             'negative' => false,
          )),
           'salesAmount' => 
          stdClass::__set_state(array(
             'cents' => 0,
             'decimalValue' => 23,
             'dollars' => 23,
             'negative' => false,
          )),
           'shipFromAddress' => 
          stdClass::__set_state(array(
             'address1' => '8844 Beverly Blvd',
             'address2' => 'Los Angeles, CA 90048-2411',
             'country' => 'US',
             'latitude' => 0,
             'longitude' => 0,
          )),
           'shipToAddress' => 
          stdClass::__set_state(array(
             'address1' => '1434 W. Colorado Blvd',
             'address2' => 'Pasadena, CA 91105-1414',
             'country' => 'US',
             'latitude' => 0,
             'longitude' => 0,
          )),
           'taxAmount' => 
          stdClass::__set_state(array(
             'cents' => 7,
             'decimalValue' => 2.07,
             'dollars' => 2,
             'negative' => false,
          )),
           'taxableSalesAmount' => 
          stdClass::__set_state(array(
             'cents' => 0,
             'decimalValue' => 23,
             'dollars' => 23,
             'negative' => false,
          )),
           'taxes' => 
          array (
            0 => 
            stdClass::__set_state(array(
               'jurisdictionFips' => '06',
               'jurisdictionLevel' => 'STATE',
               'jurisdictionName' => 'California',
               'effectiveRate' => 0.0625,
               'taxationType' => 'SALES',
               'totalTax' => 
              stdClass::__set_state(array(
                 'cents' => 44,
                 'decimalValue' => 1.44,
                 'dollars' => 1,
                 'negative' => false,
              )),
            )),
            1 => 
            stdClass::__set_state(array(
               'jurisdictionFips' => '037',
               'jurisdictionLevel' => 'COUNTY',
               'jurisdictionName' => 'LOS ANGELES',
               'effectiveRate' => 0.0125,
               'taxationType' => 'SALES',
               'totalTax' => 
              stdClass::__set_state(array(
                 'cents' => 29,
                 'decimalValue' => 0.29,
                 'dollars' => 0,
                 'negative' => false,
              )),
            )),
            2 => 
            stdClass::__set_state(array(
               'jurisdictionFips' => '037L',
               'jurisdictionLevel' => 'SPECIAL',
               'jurisdictionName' => 'DISTRICT TAX (LACT) (LATC), LOS ANGELES',
               'effectiveRate' => 0.015,
               'taxationType' => 'SALES',
               'totalTax' => 
              stdClass::__set_state(array(
                 'cents' => 35,
                 'decimalValue' => 0.35,
                 'dollars' => 0,
                 'negative' => false,
              )),
            )),
          ),
           'unitPrice' => 
          stdClass::__set_state(array(
             'cents' => 0,
             'decimalValue' => 23,
             'dollars' => 23,
             'negative' => false,
          )),
        )),
        4 => 
        stdClass::__set_state(array(
           'customReference' => '2591',
           'lineItemNumber' => 5,
           'productCode' => 'M1000309',
           'quantity' => 1,
           'nonTaxableSalesAmount' => 
          stdClass::__set_state(array(
             'cents' => 0,
             'decimalValue' => 0,
             'dollars' => 0,
             'negative' => false,
          )),
           'salesAmount' => 
          stdClass::__set_state(array(
             'cents' => 0,
             'decimalValue' => 23,
             'dollars' => 23,
             'negative' => false,
          )),
           'shipFromAddress' => 
          stdClass::__set_state(array(
             'address1' => '8844 Beverly Blvd',
             'address2' => 'Los Angeles, CA 90048-2411',
             'country' => 'US',
             'latitude' => 0,
             'longitude' => 0,
          )),
           'shipToAddress' => 
          stdClass::__set_state(array(
             'address1' => '1434 W. Colorado Blvd',
             'address2' => 'Pasadena, CA 91105-1414',
             'country' => 'US',
             'latitude' => 0,
             'longitude' => 0,
          )),
           'taxAmount' => 
          stdClass::__set_state(array(
             'cents' => 7,
             'decimalValue' => 2.07,
             'dollars' => 2,
             'negative' => false,
          )),
           'taxableSalesAmount' => 
          stdClass::__set_state(array(
             'cents' => 0,
             'decimalValue' => 23,
             'dollars' => 23,
             'negative' => false,
          )),
           'taxes' => 
          array (
            0 => 
            stdClass::__set_state(array(
               'jurisdictionFips' => '06',
               'jurisdictionLevel' => 'STATE',
               'jurisdictionName' => 'California',
               'effectiveRate' => 0.0625,
               'taxationType' => 'SALES',
               'totalTax' => 
              stdClass::__set_state(array(
                 'cents' => 44,
                 'decimalValue' => 1.44,
                 'dollars' => 1,
                 'negative' => false,
              )),
            )),
            1 => 
            stdClass::__set_state(array(
               'jurisdictionFips' => '037',
               'jurisdictionLevel' => 'COUNTY',
               'jurisdictionName' => 'LOS ANGELES',
               'effectiveRate' => 0.0125,
               'taxationType' => 'SALES',
               'totalTax' => 
              stdClass::__set_state(array(
                 'cents' => 29,
                 'decimalValue' => 0.29,
                 'dollars' => 0,
                 'negative' => false,
              )),
            )),
            2 => 
            stdClass::__set_state(array(
               'jurisdictionFips' => '037L',
               'jurisdictionLevel' => 'SPECIAL',
               'jurisdictionName' => 'DISTRICT TAX (LACT) (LATC), LOS ANGELES',
               'effectiveRate' => 0.015,
               'taxationType' => 'SALES',
               'totalTax' => 
              stdClass::__set_state(array(
                 'cents' => 35,
                 'decimalValue' => 0.35,
                 'dollars' => 0,
                 'negative' => false,
              )),
            )),
          ),
           'unitPrice' => 
          stdClass::__set_state(array(
             'cents' => 0,
             'decimalValue' => 23,
             'dollars' => 23,
             'negative' => false,
          )),
        )),
        5 => 
        stdClass::__set_state(array(
           'customReference' => '2590',
           'lineItemNumber' => 6,
           'productCode' => 'M1000209',
           'quantity' => 1,
           'nonTaxableSalesAmount' => 
          stdClass::__set_state(array(
             'cents' => 0,
             'decimalValue' => 0,
             'dollars' => 0,
             'negative' => false,
          )),
           'salesAmount' => 
          stdClass::__set_state(array(
             'cents' => 0,
             'decimalValue' => 23,
             'dollars' => 23,
             'negative' => false,
          )),
           'shipFromAddress' => 
          stdClass::__set_state(array(
             'address1' => '8844 Beverly Blvd',
             'address2' => 'Los Angeles, CA 90048-2411',
             'country' => 'US',
             'latitude' => 0,
             'longitude' => 0,
          )),
           'shipToAddress' => 
          stdClass::__set_state(array(
             'address1' => '1434 W. Colorado Blvd',
             'address2' => 'Pasadena, CA 91105-1414',
             'country' => 'US',
             'latitude' => 0,
             'longitude' => 0,
          )),
           'taxAmount' => 
          stdClass::__set_state(array(
             'cents' => 7,
             'decimalValue' => 2.07,
             'dollars' => 2,
             'negative' => false,
          )),
           'taxableSalesAmount' => 
          stdClass::__set_state(array(
             'cents' => 0,
             'decimalValue' => 23,
             'dollars' => 23,
             'negative' => false,
          )),
           'taxes' => 
          array (
            0 => 
            stdClass::__set_state(array(
               'jurisdictionFips' => '06',
               'jurisdictionLevel' => 'STATE',
               'jurisdictionName' => 'California',
               'effectiveRate' => 0.0625,
               'taxationType' => 'SALES',
               'totalTax' => 
              stdClass::__set_state(array(
                 'cents' => 44,
                 'decimalValue' => 1.44,
                 'dollars' => 1,
                 'negative' => false,
              )),
            )),
            1 => 
            stdClass::__set_state(array(
               'jurisdictionFips' => '037',
               'jurisdictionLevel' => 'COUNTY',
               'jurisdictionName' => 'LOS ANGELES',
               'effectiveRate' => 0.0125,
               'taxationType' => 'SALES',
               'totalTax' => 
              stdClass::__set_state(array(
                 'cents' => 29,
                 'decimalValue' => 0.29,
                 'dollars' => 0,
                 'negative' => false,
              )),
            )),
            2 => 
            stdClass::__set_state(array(
               'jurisdictionFips' => '037L',
               'jurisdictionLevel' => 'SPECIAL',
               'jurisdictionName' => 'DISTRICT TAX (LACT) (LATC), LOS ANGELES',
               'effectiveRate' => 0.015,
               'taxationType' => 'SALES',
               'totalTax' => 
              stdClass::__set_state(array(
                 'cents' => 35,
                 'decimalValue' => 0.35,
                 'dollars' => 0,
                 'negative' => false,
              )),
            )),
          ),
           'unitPrice' => 
          stdClass::__set_state(array(
             'cents' => 0,
             'decimalValue' => 23,
             'dollars' => 23,
             'negative' => false,
          )),
        )),
        6 => 
        stdClass::__set_state(array(
           'customReference' => '2582',
           'lineItemNumber' => 7,
           'productCode' => 'M1000202',
           'quantity' => 2,
           'nonTaxableSalesAmount' => 
          stdClass::__set_state(array(
             'cents' => 0,
             'decimalValue' => 0,
             'dollars' => 0,
             'negative' => false,
          )),
           'salesAmount' => 
          stdClass::__set_state(array(
             'cents' => 0,
             'decimalValue' => 46,
             'dollars' => 46,
             'negative' => false,
          )),
           'shipFromAddress' => 
          stdClass::__set_state(array(
             'address1' => '8844 Beverly Blvd',
             'address2' => 'Los Angeles, CA 90048-2411',
             'country' => 'US',
             'latitude' => 0,
             'longitude' => 0,
          )),
           'shipToAddress' => 
          stdClass::__set_state(array(
             'address1' => '1434 W. Colorado Blvd',
             'address2' => 'Pasadena, CA 91105-1414',
             'country' => 'US',
             'latitude' => 0,
             'longitude' => 0,
          )),
           'taxAmount' => 
          stdClass::__set_state(array(
             'cents' => 14,
             'decimalValue' => 4.14,
             'dollars' => 4,
             'negative' => false,
          )),
           'taxableSalesAmount' => 
          stdClass::__set_state(array(
             'cents' => 0,
             'decimalValue' => 46,
             'dollars' => 46,
             'negative' => false,
          )),
           'taxes' => 
          array (
            0 => 
            stdClass::__set_state(array(
               'jurisdictionFips' => '06',
               'jurisdictionLevel' => 'STATE',
               'jurisdictionName' => 'California',
               'effectiveRate' => 0.0625,
               'taxationType' => 'SALES',
               'totalTax' => 
              stdClass::__set_state(array(
                 'cents' => 88,
                 'decimalValue' => 2.88,
                 'dollars' => 2,
                 'negative' => false,
              )),
            )),
            1 => 
            stdClass::__set_state(array(
               'jurisdictionFips' => '037',
               'jurisdictionLevel' => 'COUNTY',
               'jurisdictionName' => 'LOS ANGELES',
               'effectiveRate' => 0.0125,
               'taxationType' => 'SALES',
               'totalTax' => 
              stdClass::__set_state(array(
                 'cents' => 58,
                 'decimalValue' => 0.58,
                 'dollars' => 0,
                 'negative' => false,
              )),
            )),
            2 => 
            stdClass::__set_state(array(
               'jurisdictionFips' => '037L',
               'jurisdictionLevel' => 'SPECIAL',
               'jurisdictionName' => 'DISTRICT TAX (LACT) (LATC), LOS ANGELES',
               'effectiveRate' => 0.015,
               'taxationType' => 'SALES',
               'totalTax' => 
              stdClass::__set_state(array(
                 'cents' => 69,
                 'decimalValue' => 0.69,
                 'dollars' => 0,
                 'negative' => false,
              )),
            )),
          ),
           'unitPrice' => 
          stdClass::__set_state(array(
             'cents' => 0,
             'decimalValue' => 23,
             'dollars' => 23,
             'negative' => false,
          )),
        )),
        7 => 
        stdClass::__set_state(array(
           'customReference' => '2583',
           'lineItemNumber' => 8,
           'productCode' => 'M1000302',
           'quantity' => 1,
           'nonTaxableSalesAmount' => 
          stdClass::__set_state(array(
             'cents' => 0,
             'decimalValue' => 0,
             'dollars' => 0,
             'negative' => false,
          )),
           'salesAmount' => 
          stdClass::__set_state(array(
             'cents' => 0,
             'decimalValue' => 23,
             'dollars' => 23,
             'negative' => false,
          )),
           'shipFromAddress' => 
          stdClass::__set_state(array(
             'address1' => '8844 Beverly Blvd',
             'address2' => 'Los Angeles, CA 90048-2411',
             'country' => 'US',
             'latitude' => 0,
             'longitude' => 0,
          )),
           'shipToAddress' => 
          stdClass::__set_state(array(
             'address1' => '1434 W. Colorado Blvd',
             'address2' => 'Pasadena, CA 91105-1414',
             'country' => 'US',
             'latitude' => 0,
             'longitude' => 0,
          )),
           'taxAmount' => 
          stdClass::__set_state(array(
             'cents' => 7,
             'decimalValue' => 2.07,
             'dollars' => 2,
             'negative' => false,
          )),
           'taxableSalesAmount' => 
          stdClass::__set_state(array(
             'cents' => 0,
             'decimalValue' => 23,
             'dollars' => 23,
             'negative' => false,
          )),
           'taxes' => 
          array (
            0 => 
            stdClass::__set_state(array(
               'jurisdictionFips' => '06',
               'jurisdictionLevel' => 'STATE',
               'jurisdictionName' => 'California',
               'effectiveRate' => 0.0625,
               'taxationType' => 'SALES',
               'totalTax' => 
              stdClass::__set_state(array(
                 'cents' => 44,
                 'decimalValue' => 1.44,
                 'dollars' => 1,
                 'negative' => false,
              )),
            )),
            1 => 
            stdClass::__set_state(array(
               'jurisdictionFips' => '037',
               'jurisdictionLevel' => 'COUNTY',
               'jurisdictionName' => 'LOS ANGELES',
               'effectiveRate' => 0.0125,
               'taxationType' => 'SALES',
               'totalTax' => 
              stdClass::__set_state(array(
                 'cents' => 29,
                 'decimalValue' => 0.29,
                 'dollars' => 0,
                 'negative' => false,
              )),
            )),
            2 => 
            stdClass::__set_state(array(
               'jurisdictionFips' => '037L',
               'jurisdictionLevel' => 'SPECIAL',
               'jurisdictionName' => 'DISTRICT TAX (LACT) (LATC), LOS ANGELES',
               'effectiveRate' => 0.015,
               'taxationType' => 'SALES',
               'totalTax' => 
              stdClass::__set_state(array(
                 'cents' => 35,
                 'decimalValue' => 0.35,
                 'dollars' => 0,
                 'negative' => false,
              )),
            )),
          ),
           'unitPrice' => 
          stdClass::__set_state(array(
             'cents' => 0,
             'decimalValue' => 23,
             'dollars' => 23,
             'negative' => false,
          )),
        )),
        8 => 
        stdClass::__set_state(array(
           'customReference' => '2584',
           'lineItemNumber' => 9,
           'productCode' => 'M1000402',
           'quantity' => 1,
           'nonTaxableSalesAmount' => 
          stdClass::__set_state(array(
             'cents' => 0,
             'decimalValue' => 0,
             'dollars' => 0,
             'negative' => false,
          )),
           'salesAmount' => 
          stdClass::__set_state(array(
             'cents' => 0,
             'decimalValue' => 23,
             'dollars' => 23,
             'negative' => false,
          )),
           'shipFromAddress' => 
          stdClass::__set_state(array(
             'address1' => '8844 Beverly Blvd',
             'address2' => 'Los Angeles, CA 90048-2411',
             'country' => 'US',
             'latitude' => 0,
             'longitude' => 0,
          )),
           'shipToAddress' => 
          stdClass::__set_state(array(
             'address1' => '1434 W. Colorado Blvd',
             'address2' => 'Pasadena, CA 91105-1414',
             'country' => 'US',
             'latitude' => 0,
             'longitude' => 0,
          )),
           'taxAmount' => 
          stdClass::__set_state(array(
             'cents' => 7,
             'decimalValue' => 2.07,
             'dollars' => 2,
             'negative' => false,
          )),
           'taxableSalesAmount' => 
          stdClass::__set_state(array(
             'cents' => 0,
             'decimalValue' => 23,
             'dollars' => 23,
             'negative' => false,
          )),
           'taxes' => 
          array (
            0 => 
            stdClass::__set_state(array(
               'jurisdictionFips' => '06',
               'jurisdictionLevel' => 'STATE',
               'jurisdictionName' => 'California',
               'effectiveRate' => 0.0625,
               'taxationType' => 'SALES',
               'totalTax' => 
              stdClass::__set_state(array(
                 'cents' => 44,
                 'decimalValue' => 1.44,
                 'dollars' => 1,
                 'negative' => false,
              )),
            )),
            1 => 
            stdClass::__set_state(array(
               'jurisdictionFips' => '037',
               'jurisdictionLevel' => 'COUNTY',
               'jurisdictionName' => 'LOS ANGELES',
               'effectiveRate' => 0.0125,
               'taxationType' => 'SALES',
               'totalTax' => 
              stdClass::__set_state(array(
                 'cents' => 29,
                 'decimalValue' => 0.29,
                 'dollars' => 0,
                 'negative' => false,
              )),
            )),
            2 => 
            stdClass::__set_state(array(
               'jurisdictionFips' => '037L',
               'jurisdictionLevel' => 'SPECIAL',
               'jurisdictionName' => 'DISTRICT TAX (LACT) (LATC), LOS ANGELES',
               'effectiveRate' => 0.015,
               'taxationType' => 'SALES',
               'totalTax' => 
              stdClass::__set_state(array(
                 'cents' => 35,
                 'decimalValue' => 0.35,
                 'dollars' => 0,
                 'negative' => false,
              )),
            )),
          ),
           'unitPrice' => 
          stdClass::__set_state(array(
             'cents' => 0,
             'decimalValue' => 23,
             'dollars' => 23,
             'negative' => false,
          )),
        )),
        9 => 
        stdClass::__set_state(array(
           'customReference' => '2585',
           'lineItemNumber' => 10,
           'productCode' => 'M1000502',
           'quantity' => 1,
           'nonTaxableSalesAmount' => 
          stdClass::__set_state(array(
             'cents' => 0,
             'decimalValue' => 0,
             'dollars' => 0,
             'negative' => false,
          )),
           'salesAmount' => 
          stdClass::__set_state(array(
             'cents' => 0,
             'decimalValue' => 23,
             'dollars' => 23,
             'negative' => false,
          )),
           'shipFromAddress' => 
          stdClass::__set_state(array(
             'address1' => '8844 Beverly Blvd',
             'address2' => 'Los Angeles, CA 90048-2411',
             'country' => 'US',
             'latitude' => 0,
             'longitude' => 0,
          )),
           'shipToAddress' => 
          stdClass::__set_state(array(
             'address1' => '1434 W. Colorado Blvd',
             'address2' => 'Pasadena, CA 91105-1414',
             'country' => 'US',
             'latitude' => 0,
             'longitude' => 0,
          )),
           'taxAmount' => 
          stdClass::__set_state(array(
             'cents' => 7,
             'decimalValue' => 2.07,
             'dollars' => 2,
             'negative' => false,
          )),
           'taxableSalesAmount' => 
          stdClass::__set_state(array(
             'cents' => 0,
             'decimalValue' => 23,
             'dollars' => 23,
             'negative' => false,
          )),
           'taxes' => 
          array (
            0 => 
            stdClass::__set_state(array(
               'jurisdictionFips' => '06',
               'jurisdictionLevel' => 'STATE',
               'jurisdictionName' => 'California',
               'effectiveRate' => 0.0625,
               'taxationType' => 'SALES',
               'totalTax' => 
              stdClass::__set_state(array(
                 'cents' => 44,
                 'decimalValue' => 1.44,
                 'dollars' => 1,
                 'negative' => false,
              )),
            )),
            1 => 
            stdClass::__set_state(array(
               'jurisdictionFips' => '037',
               'jurisdictionLevel' => 'COUNTY',
               'jurisdictionName' => 'LOS ANGELES',
               'effectiveRate' => 0.0125,
               'taxationType' => 'SALES',
               'totalTax' => 
              stdClass::__set_state(array(
                 'cents' => 29,
                 'decimalValue' => 0.29,
                 'dollars' => 0,
                 'negative' => false,
              )),
            )),
            2 => 
            stdClass::__set_state(array(
               'jurisdictionFips' => '037L',
               'jurisdictionLevel' => 'SPECIAL',
               'jurisdictionName' => 'DISTRICT TAX (LACT) (LATC), LOS ANGELES',
               'effectiveRate' => 0.015,
               'taxationType' => 'SALES',
               'totalTax' => 
              stdClass::__set_state(array(
                 'cents' => 35,
                 'decimalValue' => 0.35,
                 'dollars' => 0,
                 'negative' => false,
              )),
            )),
          ),
           'unitPrice' => 
          stdClass::__set_state(array(
             'cents' => 0,
             'decimalValue' => 23,
             'dollars' => 23,
             'negative' => false,
          )),
        )),
        10 => 
        stdClass::__set_state(array(
           'customReference' => '2655',
           'lineItemNumber' => 11,
           'productCode' => 'M1100220',
           'quantity' => 1,
           'nonTaxableSalesAmount' => 
          stdClass::__set_state(array(
             'cents' => 0,
             'decimalValue' => 0,
             'dollars' => 0,
             'negative' => false,
          )),
           'salesAmount' => 
          stdClass::__set_state(array(
             'cents' => 0,
             'decimalValue' => 64,
             'dollars' => 64,
             'negative' => false,
          )),
           'shipFromAddress' => 
          stdClass::__set_state(array(
             'address1' => '8844 Beverly Blvd',
             'address2' => 'Los Angeles, CA 90048-2411',
             'country' => 'US',
             'latitude' => 0,
             'longitude' => 0,
          )),
           'shipToAddress' => 
          stdClass::__set_state(array(
             'address1' => '1434 W. Colorado Blvd',
             'address2' => 'Pasadena, CA 91105-1414',
             'country' => 'US',
             'latitude' => 0,
             'longitude' => 0,
          )),
           'taxAmount' => 
          stdClass::__set_state(array(
             'cents' => 76,
             'decimalValue' => 5.76,
             'dollars' => 5,
             'negative' => false,
          )),
           'taxableSalesAmount' => 
          stdClass::__set_state(array(
             'cents' => 0,
             'decimalValue' => 64,
             'dollars' => 64,
             'negative' => false,
          )),
           'taxes' => 
          array (
            0 => 
            stdClass::__set_state(array(
               'jurisdictionFips' => '06',
               'jurisdictionLevel' => 'STATE',
               'jurisdictionName' => 'California',
               'effectiveRate' => 0.0625,
               'taxationType' => 'SALES',
               'totalTax' => 
              stdClass::__set_state(array(
                 'cents' => 0,
                 'decimalValue' => 4,
                 'dollars' => 4,
                 'negative' => false,
              )),
            )),
            1 => 
            stdClass::__set_state(array(
               'jurisdictionFips' => '037',
               'jurisdictionLevel' => 'COUNTY',
               'jurisdictionName' => 'LOS ANGELES',
               'effectiveRate' => 0.0125,
               'taxationType' => 'SALES',
               'totalTax' => 
              stdClass::__set_state(array(
                 'cents' => 80,
                 'decimalValue' => 0.8,
                 'dollars' => 0,
                 'negative' => false,
              )),
            )),
            2 => 
            stdClass::__set_state(array(
               'jurisdictionFips' => '037L',
               'jurisdictionLevel' => 'SPECIAL',
               'jurisdictionName' => 'DISTRICT TAX (LACT) (LATC), LOS ANGELES',
               'effectiveRate' => 0.015,
               'taxationType' => 'SALES',
               'totalTax' => 
              stdClass::__set_state(array(
                 'cents' => 96,
                 'decimalValue' => 0.96,
                 'dollars' => 0,
                 'negative' => false,
              )),
            )),
          ),
           'unitPrice' => 
          stdClass::__set_state(array(
             'cents' => 0,
             'decimalValue' => 64,
             'dollars' => 64,
             'negative' => false,
          )),
        )),
        11 => 
        stdClass::__set_state(array(
           'customReference' => '2660',
           'lineItemNumber' => 12,
           'productCode' => 'M1090023',
           'quantity' => 1,
           'nonTaxableSalesAmount' => 
          stdClass::__set_state(array(
             'cents' => 0,
             'decimalValue' => 0,
             'dollars' => 0,
             'negative' => false,
          )),
           'salesAmount' => 
          stdClass::__set_state(array(
             'cents' => 0,
             'decimalValue' => 128,
             'dollars' => 128,
             'negative' => false,
          )),
           'shipFromAddress' => 
          stdClass::__set_state(array(
             'address1' => '8844 Beverly Blvd',
             'address2' => 'Los Angeles, CA 90048-2411',
             'country' => 'US',
             'latitude' => 0,
             'longitude' => 0,
          )),
           'shipToAddress' => 
          stdClass::__set_state(array(
             'address1' => '1434 W. Colorado Blvd',
             'address2' => 'Pasadena, CA 91105-1414',
             'country' => 'US',
             'latitude' => 0,
             'longitude' => 0,
          )),
           'taxAmount' => 
          stdClass::__set_state(array(
             'cents' => 52,
             'decimalValue' => 11.52,
             'dollars' => 11,
             'negative' => false,
          )),
           'taxableSalesAmount' => 
          stdClass::__set_state(array(
             'cents' => 0,
             'decimalValue' => 128,
             'dollars' => 128,
             'negative' => false,
          )),
           'taxes' => 
          array (
            0 => 
            stdClass::__set_state(array(
               'jurisdictionFips' => '06',
               'jurisdictionLevel' => 'STATE',
               'jurisdictionName' => 'California',
               'effectiveRate' => 0.0625,
               'taxationType' => 'SALES',
               'totalTax' => 
              stdClass::__set_state(array(
                 'cents' => 0,
                 'decimalValue' => 8,
                 'dollars' => 8,
                 'negative' => false,
              )),
            )),
            1 => 
            stdClass::__set_state(array(
               'jurisdictionFips' => '037',
               'jurisdictionLevel' => 'COUNTY',
               'jurisdictionName' => 'LOS ANGELES',
               'effectiveRate' => 0.0125,
               'taxationType' => 'SALES',
               'totalTax' => 
              stdClass::__set_state(array(
                 'cents' => 60,
                 'decimalValue' => 1.6,
                 'dollars' => 1,
                 'negative' => false,
              )),
            )),
            2 => 
            stdClass::__set_state(array(
               'jurisdictionFips' => '037L',
               'jurisdictionLevel' => 'SPECIAL',
               'jurisdictionName' => 'DISTRICT TAX (LACT) (LATC), LOS ANGELES',
               'effectiveRate' => 0.015,
               'taxationType' => 'SALES',
               'totalTax' => 
              stdClass::__set_state(array(
                 'cents' => 92,
                 'decimalValue' => 1.92,
                 'dollars' => 1,
                 'negative' => false,
              )),
            )),
          ),
           'unitPrice' => 
          stdClass::__set_state(array(
             'cents' => 0,
             'decimalValue' => 128,
             'dollars' => 128,
             'negative' => false,
          )),
        )),
        12 => 
        stdClass::__set_state(array(
           'customReference' => '2586',
           'lineItemNumber' => 13,
           'productCode' => 'M1000602',
           'quantity' => 1,
           'nonTaxableSalesAmount' => 
          stdClass::__set_state(array(
             'cents' => 0,
             'decimalValue' => 0,
             'dollars' => 0,
             'negative' => false,
          )),
           'salesAmount' => 
          stdClass::__set_state(array(
             'cents' => 0,
             'decimalValue' => 23,
             'dollars' => 23,
             'negative' => false,
          )),
           'shipFromAddress' => 
          stdClass::__set_state(array(
             'address1' => '8844 Beverly Blvd',
             'address2' => 'Los Angeles, CA 90048-2411',
             'country' => 'US',
             'latitude' => 0,
             'longitude' => 0,
          )),
           'shipToAddress' => 
          stdClass::__set_state(array(
             'address1' => '1434 W. Colorado Blvd',
             'address2' => 'Pasadena, CA 91105-1414',
             'country' => 'US',
             'latitude' => 0,
             'longitude' => 0,
          )),
           'taxAmount' => 
          stdClass::__set_state(array(
             'cents' => 7,
             'decimalValue' => 2.07,
             'dollars' => 2,
             'negative' => false,
          )),
           'taxableSalesAmount' => 
          stdClass::__set_state(array(
             'cents' => 0,
             'decimalValue' => 23,
             'dollars' => 23,
             'negative' => false,
          )),
           'taxes' => 
          array (
            0 => 
            stdClass::__set_state(array(
               'jurisdictionFips' => '06',
               'jurisdictionLevel' => 'STATE',
               'jurisdictionName' => 'California',
               'effectiveRate' => 0.0625,
               'taxationType' => 'SALES',
               'totalTax' => 
              stdClass::__set_state(array(
                 'cents' => 44,
                 'decimalValue' => 1.44,
                 'dollars' => 1,
                 'negative' => false,
              )),
            )),
            1 => 
            stdClass::__set_state(array(
               'jurisdictionFips' => '037',
               'jurisdictionLevel' => 'COUNTY',
               'jurisdictionName' => 'LOS ANGELES',
               'effectiveRate' => 0.0125,
               'taxationType' => 'SALES',
               'totalTax' => 
              stdClass::__set_state(array(
                 'cents' => 29,
                 'decimalValue' => 0.29,
                 'dollars' => 0,
                 'negative' => false,
              )),
            )),
            2 => 
            stdClass::__set_state(array(
               'jurisdictionFips' => '037L',
               'jurisdictionLevel' => 'SPECIAL',
               'jurisdictionName' => 'DISTRICT TAX (LACT) (LATC), LOS ANGELES',
               'effectiveRate' => 0.015,
               'taxationType' => 'SALES',
               'totalTax' => 
              stdClass::__set_state(array(
                 'cents' => 35,
                 'decimalValue' => 0.35,
                 'dollars' => 0,
                 'negative' => false,
              )),
            )),
          ),
           'unitPrice' => 
          stdClass::__set_state(array(
             'cents' => 0,
             'decimalValue' => 23,
             'dollars' => 23,
             'negative' => false,
          )),
        )),
        13 => 
        stdClass::__set_state(array(
           'customReference' => '2587',
           'lineItemNumber' => 14,
           'productCode' => 'M1000902',
           'quantity' => 1,
           'nonTaxableSalesAmount' => 
          stdClass::__set_state(array(
             'cents' => 0,
             'decimalValue' => 0,
             'dollars' => 0,
             'negative' => false,
          )),
           'salesAmount' => 
          stdClass::__set_state(array(
             'cents' => 0,
             'decimalValue' => 23,
             'dollars' => 23,
             'negative' => false,
          )),
           'shipFromAddress' => 
          stdClass::__set_state(array(
             'address1' => '8844 Beverly Blvd',
             'address2' => 'Los Angeles, CA 90048-2411',
             'country' => 'US',
             'latitude' => 0,
             'longitude' => 0,
          )),
           'shipToAddress' => 
          stdClass::__set_state(array(
             'address1' => '1434 W. Colorado Blvd',
             'address2' => 'Pasadena, CA 91105-1414',
             'country' => 'US',
             'latitude' => 0,
             'longitude' => 0,
          )),
           'taxAmount' => 
          stdClass::__set_state(array(
             'cents' => 7,
             'decimalValue' => 2.07,
             'dollars' => 2,
             'negative' => false,
          )),
           'taxableSalesAmount' => 
          stdClass::__set_state(array(
             'cents' => 0,
             'decimalValue' => 23,
             'dollars' => 23,
             'negative' => false,
          )),
           'taxes' => 
          array (
            0 => 
            stdClass::__set_state(array(
               'jurisdictionFips' => '06',
               'jurisdictionLevel' => 'STATE',
               'jurisdictionName' => 'California',
               'effectiveRate' => 0.0625,
               'taxationType' => 'SALES',
               'totalTax' => 
              stdClass::__set_state(array(
                 'cents' => 44,
                 'decimalValue' => 1.44,
                 'dollars' => 1,
                 'negative' => false,
              )),
            )),
            1 => 
            stdClass::__set_state(array(
               'jurisdictionFips' => '037',
               'jurisdictionLevel' => 'COUNTY',
               'jurisdictionName' => 'LOS ANGELES',
               'effectiveRate' => 0.0125,
               'taxationType' => 'SALES',
               'totalTax' => 
              stdClass::__set_state(array(
                 'cents' => 29,
                 'decimalValue' => 0.29,
                 'dollars' => 0,
                 'negative' => false,
              )),
            )),
            2 => 
            stdClass::__set_state(array(
               'jurisdictionFips' => '037L',
               'jurisdictionLevel' => 'SPECIAL',
               'jurisdictionName' => 'DISTRICT TAX (LACT) (LATC), LOS ANGELES',
               'effectiveRate' => 0.015,
               'taxationType' => 'SALES',
               'totalTax' => 
              stdClass::__set_state(array(
                 'cents' => 35,
                 'decimalValue' => 0.35,
                 'dollars' => 0,
                 'negative' => false,
              )),
            )),
          ),
           'unitPrice' => 
          stdClass::__set_state(array(
             'cents' => 0,
             'decimalValue' => 23,
             'dollars' => 23,
             'negative' => false,
          )),
        )),
      ),
       'recalculatedJurisdictions' => true,
       'resultType' => 'FULL',
       'taxes' => 
      array (
        0 => 
        stdClass::__set_state(array(
           'jurisdictionFips' => '06',
           'jurisdictionLevel' => 'STATE',
           'jurisdictionName' => 'California',
           'effectiveRate' => 0.0625,
           'totalTax' => 
          stdClass::__set_state(array(
             'cents' => 69,
             'decimalValue' => 30.69,
             'dollars' => 30,
             'negative' => false,
          )),
        )),
        1 => 
        stdClass::__set_state(array(
           'jurisdictionFips' => '037',
           'jurisdictionLevel' => 'COUNTY',
           'jurisdictionName' => 'LOS ANGELES',
           'effectiveRate' => 0.0125,
           'totalTax' => 
          stdClass::__set_state(array(
             'cents' => 14,
             'decimalValue' => 6.14,
             'dollars' => 6,
             'negative' => false,
          )),
        )),
        2 => 
        stdClass::__set_state(array(
           'jurisdictionFips' => '037L',
           'jurisdictionLevel' => 'SPECIAL',
           'jurisdictionName' => 'DISTRICT TAX (LACT) (LATC), LOS ANGELES',
           'effectiveRate' => 0.015,
           'totalTax' => 
          stdClass::__set_state(array(
             'cents' => 37,
             'decimalValue' => 7.37,
             'dollars' => 7,
             'negative' => false,
          )),
        )),
      ),
    )),
     'totalExemptSales' => 
    stdClass::__set_state(array(
       'cents' => 0,
       'decimalValue' => 0,
       'dollars' => 0,
       'negative' => false,
    )),
     'totalSales' => 
    stdClass::__set_state(array(
       'cents' => 0,
       'decimalValue' => 491,
       'dollars' => 491,
       'negative' => false,
    )),
     'totalTax' => 
    stdClass::__set_state(array(
       'cents' => 19,
       'decimalValue' => 44.19,
       'dollars' => 44,
       'negative' => false,
    )),
  )),
))
