
Action: calculateinvoice
Params: 
invoice::__set_state(array(
   'customerIdentifier' => 'Jeremy',
   'customerName' => NULL,
   'exempt' => NULL,
   'exemptionCertificate' => NULL,
   'exemptionReason' => NULL,
   'invoiceDate' => '2013-05-01T09:25:37',
   'invoiceNumber' => NULL,
   'invoiceType' => 'INVOICE',
   'lineItems' => 
  array (
    0 => 
    lineItem::__set_state(array(
       'customReference' => '73',
       'lineItemNumber' => 1,
       'nonTaxableSalesAmount' => NULL,
       'productCode' => '110838',
       'quantity' => '1',
       'salesAmount' => 
      price::__set_state(array(
         'cents' => NULL,
         'decimalValue' => 49,
         'dollars' => NULL,
         'negative' => NULL,
      )),
       'shipFromAddress' => 
      address::__set_state(array(
         'address1' => '8844 Beverly Blvd',
         'address2' => 'Los Angeles, CA 90048',
         'jurisdictions' => NULL,
         'resolvedDate' => NULL,
      )),
       'shipFromLocation' => NULL,
       'shipToAddress' => 
      address::__set_state(array(
         'address1' => '8844 BEVERLY BOULEVARD',
         'address2' => 'Los angeles, California, 90048',
         'jurisdictions' => NULL,
         'resolvedDate' => NULL,
      )),
       'taxAmount' => NULL,
       'taxableSalesAmount' => NULL,
       'taxes' => NULL,
       'unitPrice' => 
      price::__set_state(array(
         'cents' => NULL,
         'decimalValue' => 49,
         'dollars' => NULL,
         'negative' => NULL,
      )),
    )),
  ),
))
Result: 
stdClass::__set_state(array(
   'CalculateInvoiceResult' => 
  stdClass::__set_state(array(
     'resultType' => 'SUCCESS',
     'lineItemBundles' => 
    stdClass::__set_state(array(
       'addressForTax' => 
      stdClass::__set_state(array(
         'address' => '8844 BEVERLY BLVD',
         'city' => 'LOS ANGELES',
         'country' => 'USA',
         'fullFipsCode' => '06037',
         'latitude' => 34.077056,
         'longitude' => -118.384966,
         'state' => 'CA',
         'zip' => '90048-2411',
      )),
       'lineItems' => 
      stdClass::__set_state(array(
         'customReference' => '73',
         'lineItemNumber' => 1,
         'productCode' => '110838',
         'quantity' => 1,
         'nonTaxableSalesAmount' => 
        stdClass::__set_state(array(
           'cents' => 0,
           'decimalValue' => 0,
           'dollars' => 0,
           'negative' => false,
        )),
         'salesAmount' => 
        stdClass::__set_state(array(
           'cents' => 0,
           'decimalValue' => 49,
           'dollars' => 49,
           'negative' => false,
        )),
         'shipFromAddress' => 
        stdClass::__set_state(array(
           'address1' => '8844 Beverly Blvd',
           'address2' => 'Los Angeles, CA 90048',
           'country' => 'US',
           'latitude' => 0,
           'longitude' => 0,
        )),
         'shipToAddress' => 
        stdClass::__set_state(array(
           'address1' => '8844 BEVERLY BOULEVARD',
           'address2' => 'Los angeles, California, 90048',
           'country' => 'US',
           'latitude' => 0,
           'longitude' => 0,
        )),
         'taxAmount' => 
        stdClass::__set_state(array(
           'cents' => 41,
           'decimalValue' => 4.41,
           'dollars' => 4,
           'negative' => false,
        )),
         'taxableSalesAmount' => 
        stdClass::__set_state(array(
           'cents' => 0,
           'decimalValue' => 49,
           'dollars' => 49,
           'negative' => false,
        )),
         'taxes' => 
        array (
          0 => 
          stdClass::__set_state(array(
             'jurisdictionFips' => '037',
             'jurisdictionLevel' => 'COUNTY',
             'jurisdictionName' => 'LOS ANGELES',
             'effectiveRate' => 0.0125,
             'taxationType' => 'SALES',
             'totalTax' => 
            stdClass::__set_state(array(
               'cents' => 61,
               'decimalValue' => 0.61,
               'dollars' => 0,
               'negative' => false,
            )),
          )),
          1 => 
          stdClass::__set_state(array(
             'jurisdictionFips' => '06',
             'jurisdictionLevel' => 'STATE',
             'jurisdictionName' => 'California',
             'effectiveRate' => 0.0625,
             'taxationType' => 'SALES',
             'totalTax' => 
            stdClass::__set_state(array(
               'cents' => 6,
               'decimalValue' => 3.06,
               'dollars' => 3,
               'negative' => false,
            )),
          )),
          2 => 
          stdClass::__set_state(array(
             'jurisdictionFips' => '037L',
             'jurisdictionLevel' => 'SPECIAL',
             'jurisdictionName' => 'DISTRICT TAX (LACT) (LATC), LOS ANGELES',
             'effectiveRate' => 0.015,
             'taxationType' => 'SALES',
             'totalTax' => 
            stdClass::__set_state(array(
               'cents' => 74,
               'decimalValue' => 0.74,
               'dollars' => 0,
               'negative' => false,
            )),
          )),
        ),
         'unitPrice' => 
        stdClass::__set_state(array(
           'cents' => 0,
           'decimalValue' => 49,
           'dollars' => 49,
           'negative' => false,
        )),
      )),
       'recalculatedJurisdictions' => true,
       'resultType' => 'FULL',
       'taxes' => 
      array (
        0 => 
        stdClass::__set_state(array(
           'jurisdictionFips' => '06',
           'jurisdictionLevel' => 'STATE',
           'jurisdictionName' => 'California',
           'effectiveRate' => 0.0625,
           'totalTax' => 
          stdClass::__set_state(array(
             'cents' => 6,
             'decimalValue' => 3.06,
             'dollars' => 3,
             'negative' => false,
          )),
        )),
        1 => 
        stdClass::__set_state(array(
           'jurisdictionFips' => '037',
           'jurisdictionLevel' => 'COUNTY',
           'jurisdictionName' => 'LOS ANGELES',
           'effectiveRate' => 0.0125,
           'totalTax' => 
          stdClass::__set_state(array(
             'cents' => 61,
             'decimalValue' => 0.61,
             'dollars' => 0,
             'negative' => false,
          )),
        )),
        2 => 
        stdClass::__set_state(array(
           'jurisdictionFips' => '037L',
           'jurisdictionLevel' => 'SPECIAL',
           'jurisdictionName' => 'DISTRICT TAX (LACT) (LATC), LOS ANGELES',
           'effectiveRate' => 0.015,
           'totalTax' => 
          stdClass::__set_state(array(
             'cents' => 74,
             'decimalValue' => 0.74,
             'dollars' => 0,
             'negative' => false,
          )),
        )),
      ),
    )),
     'totalExemptSales' => 
    stdClass::__set_state(array(
       'cents' => 0,
       'decimalValue' => 0,
       'dollars' => 0,
       'negative' => false,
    )),
     'totalSales' => 
    stdClass::__set_state(array(
       'cents' => 0,
       'decimalValue' => 49,
       'dollars' => 49,
       'negative' => false,
    )),
     'totalTax' => 
    stdClass::__set_state(array(
       'cents' => 41,
       'decimalValue' => 4.41,
       'dollars' => 4,
       'negative' => false,
    )),
  )),
))
