
Action: calculateinvoice
Params: 
invoice::__set_state(array(
   'customerIdentifier' => 'dirk vandoesburg',
   'customerName' => NULL,
   'exempt' => NULL,
   'exemptionCertificate' => NULL,
   'exemptionReason' => NULL,
   'invoiceDate' => '2014-11-08T21:40:02',
   'invoiceNumber' => NULL,
   'invoiceType' => 'INVOICE',
   'lineItems' => 
  array (
    0 => 
    lineItem::__set_state(array(
       'customReference' => '600',
       'lineItemNumber' => 1,
       'nonTaxableSalesAmount' => NULL,
       'productCode' => '5838 Sz 9',
       'quantity' => '1',
       'salesAmount' => 
      price::__set_state(array(
         'cents' => NULL,
         'decimalValue' => 185,
         'dollars' => NULL,
         'negative' => NULL,
      )),
       'shipFromAddress' => 
      address::__set_state(array(
         'address1' => '8844 Beverly Blvd',
         'address2' => 'Los Angeles, CA 90048',
         'jurisdictions' => NULL,
         'resolvedDate' => NULL,
      )),
       'shipFromLocation' => NULL,
       'shipToAddress' => 
      address::__set_state(array(
         'address1' => '1217 w 60 pl',
         'address2' => 'losangeles, California, 90044',
         'jurisdictions' => NULL,
         'resolvedDate' => NULL,
      )),
       'taxAmount' => NULL,
       'taxableSalesAmount' => NULL,
       'taxes' => NULL,
       'unitPrice' => 
      price::__set_state(array(
         'cents' => NULL,
         'decimalValue' => 185,
         'dollars' => NULL,
         'negative' => NULL,
      )),
    )),
    1 => 
    lineItem::__set_state(array(
       'customReference' => '386',
       'lineItemNumber' => 2,
       'nonTaxableSalesAmount' => NULL,
       'productCode' => '5825 Navy Sz 9',
       'quantity' => '1',
       'salesAmount' => 
      price::__set_state(array(
         'cents' => NULL,
         'decimalValue' => 155,
         'dollars' => NULL,
         'negative' => NULL,
      )),
       'shipFromAddress' => 
      address::__set_state(array(
         'address1' => '8844 Beverly Blvd',
         'address2' => 'Los Angeles, CA 90048',
         'jurisdictions' => NULL,
         'resolvedDate' => NULL,
      )),
       'shipFromLocation' => NULL,
       'shipToAddress' => 
      address::__set_state(array(
         'address1' => '1217 w 60 pl',
         'address2' => 'losangeles, California, 90044',
         'jurisdictions' => NULL,
         'resolvedDate' => NULL,
      )),
       'taxAmount' => NULL,
       'taxableSalesAmount' => NULL,
       'taxes' => NULL,
       'unitPrice' => 
      price::__set_state(array(
         'cents' => NULL,
         'decimalValue' => 155,
         'dollars' => NULL,
         'negative' => NULL,
      )),
    )),
    2 => 
    lineItem::__set_state(array(
       'customReference' => '956',
       'lineItemNumber' => 3,
       'nonTaxableSalesAmount' => NULL,
       'productCode' => 'YA126513',
       'quantity' => '1',
       'salesAmount' => 
      price::__set_state(array(
         'cents' => NULL,
         'decimalValue' => 1225,
         'dollars' => NULL,
         'negative' => NULL,
      )),
       'shipFromAddress' => 
      address::__set_state(array(
         'address1' => '8844 Beverly Blvd',
         'address2' => 'Los Angeles, CA 90048',
         'jurisdictions' => NULL,
         'resolvedDate' => NULL,
      )),
       'shipFromLocation' => NULL,
       'shipToAddress' => 
      address::__set_state(array(
         'address1' => '1217 w 60 pl',
         'address2' => 'losangeles, California, 90044',
         'jurisdictions' => NULL,
         'resolvedDate' => NULL,
      )),
       'taxAmount' => NULL,
       'taxableSalesAmount' => NULL,
       'taxes' => NULL,
       'unitPrice' => 
      price::__set_state(array(
         'cents' => NULL,
         'decimalValue' => 1225,
         'dollars' => NULL,
         'negative' => NULL,
      )),
    )),
  ),
))
Result: 
stdClass::__set_state(array(
   'CalculateInvoiceResult' => 
  stdClass::__set_state(array(
     'resultType' => 'SUCCESS',
     'lineItemBundles' => 
    stdClass::__set_state(array(
       'addressForTax' => 
      stdClass::__set_state(array(
         'address' => '1217 W 60 PL',
         'city' => 'LOS ANGELES',
         'country' => 'USA',
         'fullFipsCode' => '06037',
         'latitude' => 33.9530208755,
         'longitude' => -118.292148294,
         'state' => 'CA',
         'zip' => '90044',
      )),
       'lineItems' => 
      array (
        0 => 
        stdClass::__set_state(array(
           'customReference' => '600',
           'lineItemNumber' => 1,
           'productCode' => '5838 Sz 9',
           'quantity' => 1,
           'nonTaxableSalesAmount' => 
          stdClass::__set_state(array(
             'cents' => 0,
             'decimalValue' => 0,
             'dollars' => 0,
             'negative' => false,
          )),
           'salesAmount' => 
          stdClass::__set_state(array(
             'cents' => 0,
             'decimalValue' => 185,
             'dollars' => 185,
             'negative' => false,
          )),
           'shipFromAddress' => 
          stdClass::__set_state(array(
             'address1' => '8844 Beverly Blvd',
             'address2' => 'Los Angeles, CA 90048-2411',
             'country' => 'US',
             'latitude' => 0,
             'longitude' => 0,
          )),
           'shipToAddress' => 
          stdClass::__set_state(array(
             'address1' => '1217 w 60 pl',
             'address2' => 'losangeles, CA 90044',
             'country' => 'US',
             'latitude' => 0,
             'longitude' => 0,
          )),
           'taxAmount' => 
          stdClass::__set_state(array(
             'cents' => 65,
             'decimalValue' => 16.65,
             'dollars' => 16,
             'negative' => false,
          )),
           'taxableSalesAmount' => 
          stdClass::__set_state(array(
             'cents' => 0,
             'decimalValue' => 185,
             'dollars' => 185,
             'negative' => false,
          )),
           'taxes' => 
          array (
            0 => 
            stdClass::__set_state(array(
               'jurisdictionFips' => '06',
               'jurisdictionLevel' => 'STATE',
               'jurisdictionName' => 'California',
               'effectiveRate' => 0.0625,
               'taxationType' => 'SALES',
               'totalTax' => 
              stdClass::__set_state(array(
                 'cents' => 56,
                 'decimalValue' => 11.56,
                 'dollars' => 11,
                 'negative' => false,
              )),
            )),
            1 => 
            stdClass::__set_state(array(
               'jurisdictionFips' => '037',
               'jurisdictionLevel' => 'COUNTY',
               'jurisdictionName' => 'LOS ANGELES',
               'effectiveRate' => 0.0125,
               'taxationType' => 'SALES',
               'totalTax' => 
              stdClass::__set_state(array(
                 'cents' => 31,
                 'decimalValue' => 2.31,
                 'dollars' => 2,
                 'negative' => false,
              )),
            )),
            2 => 
            stdClass::__set_state(array(
               'jurisdictionFips' => '037L',
               'jurisdictionLevel' => 'SPECIAL',
               'jurisdictionName' => 'DISTRICT TAX (LACT) (LATC), LOS ANGELES',
               'effectiveRate' => 0.015,
               'taxationType' => 'SALES',
               'totalTax' => 
              stdClass::__set_state(array(
                 'cents' => 78,
                 'decimalValue' => 2.78,
                 'dollars' => 2,
                 'negative' => false,
              )),
            )),
          ),
           'unitPrice' => 
          stdClass::__set_state(array(
             'cents' => 0,
             'decimalValue' => 185,
             'dollars' => 185,
             'negative' => false,
          )),
        )),
        1 => 
        stdClass::__set_state(array(
           'customReference' => '386',
           'lineItemNumber' => 2,
           'productCode' => '5825 Navy Sz 9',
           'quantity' => 1,
           'nonTaxableSalesAmount' => 
          stdClass::__set_state(array(
             'cents' => 0,
             'decimalValue' => 0,
             'dollars' => 0,
             'negative' => false,
          )),
           'salesAmount' => 
          stdClass::__set_state(array(
             'cents' => 0,
             'decimalValue' => 155,
             'dollars' => 155,
             'negative' => false,
          )),
           'shipFromAddress' => 
          stdClass::__set_state(array(
             'address1' => '8844 Beverly Blvd',
             'address2' => 'Los Angeles, CA 90048-2411',
             'country' => 'US',
             'latitude' => 0,
             'longitude' => 0,
          )),
           'shipToAddress' => 
          stdClass::__set_state(array(
             'address1' => '1217 w 60 pl',
             'address2' => 'losangeles, CA 90044',
             'country' => 'US',
             'latitude' => 0,
             'longitude' => 0,
          )),
           'taxAmount' => 
          stdClass::__set_state(array(
             'cents' => 95,
             'decimalValue' => 13.95,
             'dollars' => 13,
             'negative' => false,
          )),
           'taxableSalesAmount' => 
          stdClass::__set_state(array(
             'cents' => 0,
             'decimalValue' => 155,
             'dollars' => 155,
             'negative' => false,
          )),
           'taxes' => 
          array (
            0 => 
            stdClass::__set_state(array(
               'jurisdictionFips' => '06',
               'jurisdictionLevel' => 'STATE',
               'jurisdictionName' => 'California',
               'effectiveRate' => 0.0625,
               'taxationType' => 'SALES',
               'totalTax' => 
              stdClass::__set_state(array(
                 'cents' => 69,
                 'decimalValue' => 9.69,
                 'dollars' => 9,
                 'negative' => false,
              )),
            )),
            1 => 
            stdClass::__set_state(array(
               'jurisdictionFips' => '037',
               'jurisdictionLevel' => 'COUNTY',
               'jurisdictionName' => 'LOS ANGELES',
               'effectiveRate' => 0.0125,
               'taxationType' => 'SALES',
               'totalTax' => 
              stdClass::__set_state(array(
                 'cents' => 94,
                 'decimalValue' => 1.94,
                 'dollars' => 1,
                 'negative' => false,
              )),
            )),
            2 => 
            stdClass::__set_state(array(
               'jurisdictionFips' => '037L',
               'jurisdictionLevel' => 'SPECIAL',
               'jurisdictionName' => 'DISTRICT TAX (LACT) (LATC), LOS ANGELES',
               'effectiveRate' => 0.015,
               'taxationType' => 'SALES',
               'totalTax' => 
              stdClass::__set_state(array(
                 'cents' => 33,
                 'decimalValue' => 2.33,
                 'dollars' => 2,
                 'negative' => false,
              )),
            )),
          ),
           'unitPrice' => 
          stdClass::__set_state(array(
             'cents' => 0,
             'decimalValue' => 155,
             'dollars' => 155,
             'negative' => false,
          )),
        )),
        2 => 
        stdClass::__set_state(array(
           'customReference' => '956',
           'lineItemNumber' => 3,
           'productCode' => 'YA126513',
           'quantity' => 1,
           'nonTaxableSalesAmount' => 
          stdClass::__set_state(array(
             'cents' => 0,
             'decimalValue' => 0,
             'dollars' => 0,
             'negative' => false,
          )),
           'salesAmount' => 
          stdClass::__set_state(array(
             'cents' => 0,
             'decimalValue' => 1225,
             'dollars' => 1225,
             'negative' => false,
          )),
           'shipFromAddress' => 
          stdClass::__set_state(array(
             'address1' => '8844 Beverly Blvd',
             'address2' => 'Los Angeles, CA 90048-2411',
             'country' => 'US',
             'latitude' => 0,
             'longitude' => 0,
          )),
           'shipToAddress' => 
          stdClass::__set_state(array(
             'address1' => '1217 w 60 pl',
             'address2' => 'losangeles, CA 90044',
             'country' => 'US',
             'latitude' => 0,
             'longitude' => 0,
          )),
           'taxAmount' => 
          stdClass::__set_state(array(
             'cents' => 25,
             'decimalValue' => 110.25,
             'dollars' => 110,
             'negative' => false,
          )),
           'taxableSalesAmount' => 
          stdClass::__set_state(array(
             'cents' => 0,
             'decimalValue' => 1225,
             'dollars' => 1225,
             'negative' => false,
          )),
           'taxes' => 
          array (
            0 => 
            stdClass::__set_state(array(
               'jurisdictionFips' => '06',
               'jurisdictionLevel' => 'STATE',
               'jurisdictionName' => 'California',
               'effectiveRate' => 0.0625,
               'taxationType' => 'SALES',
               'totalTax' => 
              stdClass::__set_state(array(
                 'cents' => 56,
                 'decimalValue' => 76.56,
                 'dollars' => 76,
                 'negative' => false,
              )),
            )),
            1 => 
            stdClass::__set_state(array(
               'jurisdictionFips' => '037',
               'jurisdictionLevel' => 'COUNTY',
               'jurisdictionName' => 'LOS ANGELES',
               'effectiveRate' => 0.0125,
               'taxationType' => 'SALES',
               'totalTax' => 
              stdClass::__set_state(array(
                 'cents' => 31,
                 'decimalValue' => 15.31,
                 'dollars' => 15,
                 'negative' => false,
              )),
            )),
            2 => 
            stdClass::__set_state(array(
               'jurisdictionFips' => '037L',
               'jurisdictionLevel' => 'SPECIAL',
               'jurisdictionName' => 'DISTRICT TAX (LACT) (LATC), LOS ANGELES',
               'effectiveRate' => 0.015,
               'taxationType' => 'SALES',
               'totalTax' => 
              stdClass::__set_state(array(
                 'cents' => 38,
                 'decimalValue' => 18.38,
                 'dollars' => 18,
                 'negative' => false,
              )),
            )),
          ),
           'unitPrice' => 
          stdClass::__set_state(array(
             'cents' => 0,
             'decimalValue' => 1225,
             'dollars' => 1225,
             'negative' => false,
          )),
        )),
      ),
       'recalculatedJurisdictions' => true,
       'resultType' => 'FALLBACK',
       'taxes' => 
      array (
        0 => 
        stdClass::__set_state(array(
           'jurisdictionFips' => '06',
           'jurisdictionLevel' => 'STATE',
           'jurisdictionName' => 'California',
           'effectiveRate' => 0.0625,
           'totalTax' => 
          stdClass::__set_state(array(
             'cents' => 81,
             'decimalValue' => 97.81,
             'dollars' => 97,
             'negative' => false,
          )),
        )),
        1 => 
        stdClass::__set_state(array(
           'jurisdictionFips' => '037',
           'jurisdictionLevel' => 'COUNTY',
           'jurisdictionName' => 'LOS ANGELES',
           'effectiveRate' => 0.0125,
           'totalTax' => 
          stdClass::__set_state(array(
             'cents' => 56,
             'decimalValue' => 19.56,
             'dollars' => 19,
             'negative' => false,
          )),
        )),
        2 => 
        stdClass::__set_state(array(
           'jurisdictionFips' => '037L',
           'jurisdictionLevel' => 'SPECIAL',
           'jurisdictionName' => 'DISTRICT TAX (LACT) (LATC), LOS ANGELES',
           'effectiveRate' => 0.015,
           'totalTax' => 
          stdClass::__set_state(array(
             'cents' => 48,
             'decimalValue' => 23.48,
             'dollars' => 23,
             'negative' => false,
          )),
        )),
      ),
    )),
     'totalExemptSales' => 
    stdClass::__set_state(array(
       'cents' => 0,
       'decimalValue' => 0,
       'dollars' => 0,
       'negative' => false,
    )),
     'totalSales' => 
    stdClass::__set_state(array(
       'cents' => 0,
       'decimalValue' => 1565,
       'dollars' => 1565,
       'negative' => false,
    )),
     'totalTax' => 
    stdClass::__set_state(array(
       'cents' => 85,
       'decimalValue' => 140.85,
       'dollars' => 140,
       'negative' => false,
    )),
  )),
))
