
Action: calculateinvoice
Params: 
invoice::__set_state(array(
   'customerIdentifier' => 'm ichael moshi',
   'customerName' => NULL,
   'exempt' => NULL,
   'exemptionCertificate' => NULL,
   'exemptionReason' => NULL,
   'invoiceDate' => '2014-05-14T12:44:43',
   'invoiceNumber' => NULL,
   'invoiceType' => 'INVOICE',
   'lineItems' => 
  array (
    0 => 
    lineItem::__set_state(array(
       'customReference' => '2432',
       'lineItemNumber' => 1,
       'nonTaxableSalesAmount' => NULL,
       'productCode' => '0467-163',
       'quantity' => '2',
       'salesAmount' => 
      price::__set_state(array(
         'cents' => NULL,
         'decimalValue' => 138,
         'dollars' => NULL,
         'negative' => NULL,
      )),
       'shipFromAddress' => 
      address::__set_state(array(
         'address1' => '8844 Beverly Blvd',
         'address2' => 'Los Angeles, CA 90048',
         'jurisdictions' => NULL,
         'resolvedDate' => NULL,
      )),
       'shipFromLocation' => NULL,
       'shipToAddress' => 
      address::__set_state(array(
         'address1' => '8844 Beverly Blvd',
         'address2' => 'Alabama, 90048',
         'jurisdictions' => NULL,
         'resolvedDate' => NULL,
      )),
       'taxAmount' => NULL,
       'taxableSalesAmount' => NULL,
       'taxes' => NULL,
       'unitPrice' => 
      price::__set_state(array(
         'cents' => NULL,
         'decimalValue' => 69,
         'dollars' => NULL,
         'negative' => NULL,
      )),
    )),
    1 => 
    lineItem::__set_state(array(
       'customReference' => '2433',
       'lineItemNumber' => 2,
       'nonTaxableSalesAmount' => NULL,
       'productCode' => '0467-135',
       'quantity' => '2',
       'salesAmount' => 
      price::__set_state(array(
         'cents' => NULL,
         'decimalValue' => 86,
         'dollars' => NULL,
         'negative' => NULL,
      )),
       'shipFromAddress' => 
      address::__set_state(array(
         'address1' => '8844 Beverly Blvd',
         'address2' => 'Los Angeles, CA 90048',
         'jurisdictions' => NULL,
         'resolvedDate' => NULL,
      )),
       'shipFromLocation' => NULL,
       'shipToAddress' => 
      address::__set_state(array(
         'address1' => '8844 Beverly Blvd',
         'address2' => 'Alabama, 90048',
         'jurisdictions' => NULL,
         'resolvedDate' => NULL,
      )),
       'taxAmount' => NULL,
       'taxableSalesAmount' => NULL,
       'taxes' => NULL,
       'unitPrice' => 
      price::__set_state(array(
         'cents' => NULL,
         'decimalValue' => 43,
         'dollars' => NULL,
         'negative' => NULL,
      )),
    )),
  ),
))
Result: 
stdClass::__set_state(array(
   'CalculateInvoiceResult' => 
  stdClass::__set_state(array(
     'resultType' => 'SUCCESS',
     'lineItemBundles' => 
    stdClass::__set_state(array(
       'addressForTax' => 
      stdClass::__set_state(array(
         'address' => '8844 BEVERLY BLVD',
         'city' => 'LOS ANGELES',
         'country' => 'USA',
         'fullFipsCode' => '06037',
         'latitude' => 34.077056,
         'longitude' => -118.384966,
         'state' => 'CA',
         'zip' => '90048-2411',
      )),
       'lineItems' => 
      array (
        0 => 
        stdClass::__set_state(array(
           'customReference' => '2432',
           'lineItemNumber' => 1,
           'productCode' => '0467-163',
           'quantity' => 2,
           'nonTaxableSalesAmount' => 
          stdClass::__set_state(array(
             'cents' => 0,
             'decimalValue' => 0,
             'dollars' => 0,
             'negative' => false,
          )),
           'salesAmount' => 
          stdClass::__set_state(array(
             'cents' => 0,
             'decimalValue' => 138,
             'dollars' => 138,
             'negative' => false,
          )),
           'shipFromAddress' => 
          stdClass::__set_state(array(
             'address1' => '8844 Beverly Blvd',
             'address2' => 'Los Angeles, CA 90048-2411',
             'country' => 'US',
             'latitude' => 0,
             'longitude' => 0,
          )),
           'shipToAddress' => 
          stdClass::__set_state(array(
             'address1' => '8844 Beverly Blvd',
             'address2' => 'Alabama, CA 90048-2411',
             'country' => 'US',
             'latitude' => 0,
             'longitude' => 0,
          )),
           'taxAmount' => 
          stdClass::__set_state(array(
             'cents' => 42,
             'decimalValue' => 12.42,
             'dollars' => 12,
             'negative' => false,
          )),
           'taxableSalesAmount' => 
          stdClass::__set_state(array(
             'cents' => 0,
             'decimalValue' => 138,
             'dollars' => 138,
             'negative' => false,
          )),
           'taxes' => 
          array (
            0 => 
            stdClass::__set_state(array(
               'jurisdictionFips' => '06',
               'jurisdictionLevel' => 'STATE',
               'jurisdictionName' => 'California',
               'effectiveRate' => 0.0625,
               'taxationType' => 'SALES',
               'totalTax' => 
              stdClass::__set_state(array(
                 'cents' => 63,
                 'decimalValue' => 8.63,
                 'dollars' => 8,
                 'negative' => false,
              )),
            )),
            1 => 
            stdClass::__set_state(array(
               'jurisdictionFips' => '037',
               'jurisdictionLevel' => 'COUNTY',
               'jurisdictionName' => 'LOS ANGELES',
               'effectiveRate' => 0.0125,
               'taxationType' => 'SALES',
               'totalTax' => 
              stdClass::__set_state(array(
                 'cents' => 73,
                 'decimalValue' => 1.73,
                 'dollars' => 1,
                 'negative' => false,
              )),
            )),
            2 => 
            stdClass::__set_state(array(
               'jurisdictionFips' => '037L',
               'jurisdictionLevel' => 'SPECIAL',
               'jurisdictionName' => 'DISTRICT TAX (LACT) (LATC), LOS ANGELES',
               'effectiveRate' => 0.015,
               'taxationType' => 'SALES',
               'totalTax' => 
              stdClass::__set_state(array(
                 'cents' => 7,
                 'decimalValue' => 2.07,
                 'dollars' => 2,
                 'negative' => false,
              )),
            )),
          ),
           'unitPrice' => 
          stdClass::__set_state(array(
             'cents' => 0,
             'decimalValue' => 69,
             'dollars' => 69,
             'negative' => false,
          )),
        )),
        1 => 
        stdClass::__set_state(array(
           'customReference' => '2433',
           'lineItemNumber' => 2,
           'productCode' => '0467-135',
           'quantity' => 2,
           'nonTaxableSalesAmount' => 
          stdClass::__set_state(array(
             'cents' => 0,
             'decimalValue' => 0,
             'dollars' => 0,
             'negative' => false,
          )),
           'salesAmount' => 
          stdClass::__set_state(array(
             'cents' => 0,
             'decimalValue' => 86,
             'dollars' => 86,
             'negative' => false,
          )),
           'shipFromAddress' => 
          stdClass::__set_state(array(
             'address1' => '8844 Beverly Blvd',
             'address2' => 'Los Angeles, CA 90048-2411',
             'country' => 'US',
             'latitude' => 0,
             'longitude' => 0,
          )),
           'shipToAddress' => 
          stdClass::__set_state(array(
             'address1' => '8844 Beverly Blvd',
             'address2' => 'Alabama, CA 90048-2411',
             'country' => 'US',
             'latitude' => 0,
             'longitude' => 0,
          )),
           'taxAmount' => 
          stdClass::__set_state(array(
             'cents' => 74,
             'decimalValue' => 7.74,
             'dollars' => 7,
             'negative' => false,
          )),
           'taxableSalesAmount' => 
          stdClass::__set_state(array(
             'cents' => 0,
             'decimalValue' => 86,
             'dollars' => 86,
             'negative' => false,
          )),
           'taxes' => 
          array (
            0 => 
            stdClass::__set_state(array(
               'jurisdictionFips' => '06',
               'jurisdictionLevel' => 'STATE',
               'jurisdictionName' => 'California',
               'effectiveRate' => 0.0625,
               'taxationType' => 'SALES',
               'totalTax' => 
              stdClass::__set_state(array(
                 'cents' => 38,
                 'decimalValue' => 5.38,
                 'dollars' => 5,
                 'negative' => false,
              )),
            )),
            1 => 
            stdClass::__set_state(array(
               'jurisdictionFips' => '037',
               'jurisdictionLevel' => 'COUNTY',
               'jurisdictionName' => 'LOS ANGELES',
               'effectiveRate' => 0.0125,
               'taxationType' => 'SALES',
               'totalTax' => 
              stdClass::__set_state(array(
                 'cents' => 8,
                 'decimalValue' => 1.08,
                 'dollars' => 1,
                 'negative' => false,
              )),
            )),
            2 => 
            stdClass::__set_state(array(
               'jurisdictionFips' => '037L',
               'jurisdictionLevel' => 'SPECIAL',
               'jurisdictionName' => 'DISTRICT TAX (LACT) (LATC), LOS ANGELES',
               'effectiveRate' => 0.015,
               'taxationType' => 'SALES',
               'totalTax' => 
              stdClass::__set_state(array(
                 'cents' => 29,
                 'decimalValue' => 1.29,
                 'dollars' => 1,
                 'negative' => false,
              )),
            )),
          ),
           'unitPrice' => 
          stdClass::__set_state(array(
             'cents' => 0,
             'decimalValue' => 43,
             'dollars' => 43,
             'negative' => false,
          )),
        )),
      ),
       'recalculatedJurisdictions' => true,
       'resultType' => 'FULL',
       'taxes' => 
      array (
        0 => 
        stdClass::__set_state(array(
           'jurisdictionFips' => '06',
           'jurisdictionLevel' => 'STATE',
           'jurisdictionName' => 'California',
           'effectiveRate' => 0.0625,
           'totalTax' => 
          stdClass::__set_state(array(
             'cents' => 0,
             'decimalValue' => 14,
             'dollars' => 14,
             'negative' => false,
          )),
        )),
        1 => 
        stdClass::__set_state(array(
           'jurisdictionFips' => '037',
           'jurisdictionLevel' => 'COUNTY',
           'jurisdictionName' => 'LOS ANGELES',
           'effectiveRate' => 0.0125,
           'totalTax' => 
          stdClass::__set_state(array(
             'cents' => 80,
             'decimalValue' => 2.8,
             'dollars' => 2,
             'negative' => false,
          )),
        )),
        2 => 
        stdClass::__set_state(array(
           'jurisdictionFips' => '037L',
           'jurisdictionLevel' => 'SPECIAL',
           'jurisdictionName' => 'DISTRICT TAX (LACT) (LATC), LOS ANGELES',
           'effectiveRate' => 0.015,
           'totalTax' => 
          stdClass::__set_state(array(
             'cents' => 36,
             'decimalValue' => 3.36,
             'dollars' => 3,
             'negative' => false,
          )),
        )),
      ),
    )),
     'totalExemptSales' => 
    stdClass::__set_state(array(
       'cents' => 0,
       'decimalValue' => 0,
       'dollars' => 0,
       'negative' => false,
    )),
     'totalSales' => 
    stdClass::__set_state(array(
       'cents' => 0,
       'decimalValue' => 224,
       'dollars' => 224,
       'negative' => false,
    )),
     'totalTax' => 
    stdClass::__set_state(array(
       'cents' => 16,
       'decimalValue' => 20.16,
       'dollars' => 20,
       'negative' => false,
    )),
  )),
))
