
Action: calculateinvoice
Params: 
invoice::__set_state(array(
   'customerIdentifier' => 'michael moshi',
   'customerName' => NULL,
   'exempt' => NULL,
   'exemptionCertificate' => NULL,
   'exemptionReason' => NULL,
   'invoiceDate' => '2014-05-14T12:51:29',
   'invoiceNumber' => NULL,
   'invoiceType' => 'INVOICE',
   'lineItems' => 
  array (
    0 => 
    lineItem::__set_state(array(
       'customReference' => '2432',
       'lineItemNumber' => 1,
       'nonTaxableSalesAmount' => NULL,
       'productCode' => '0467-163',
       'quantity' => '2',
       'salesAmount' => 
      price::__set_state(array(
         'cents' => NULL,
         'decimalValue' => 103.5,
         'dollars' => NULL,
         'negative' => NULL,
      )),
       'shipFromAddress' => 
      address::__set_state(array(
         'address1' => '8844 Beverly Blvd',
         'address2' => 'Los Angeles, CA 90048',
         'jurisdictions' => NULL,
         'resolvedDate' => NULL,
      )),
       'shipFromLocation' => NULL,
       'shipToAddress' => 
      address::__set_state(array(
         'address1' => '8844 Beverly Blvd',
         'address2' => 'Alabama, 90048',
         'jurisdictions' => NULL,
         'resolvedDate' => NULL,
      )),
       'taxAmount' => NULL,
       'taxableSalesAmount' => NULL,
       'taxes' => NULL,
       'unitPrice' => 
      price::__set_state(array(
         'cents' => NULL,
         'decimalValue' => 51.75,
         'dollars' => NULL,
         'negative' => NULL,
      )),
    )),
    1 => 
    lineItem::__set_state(array(
       'customReference' => '2433',
       'lineItemNumber' => 2,
       'nonTaxableSalesAmount' => NULL,
       'productCode' => '0467-135',
       'quantity' => '2',
       'salesAmount' => 
      price::__set_state(array(
         'cents' => NULL,
         'decimalValue' => 64.5,
         'dollars' => NULL,
         'negative' => NULL,
      )),
       'shipFromAddress' => 
      address::__set_state(array(
         'address1' => '8844 Beverly Blvd',
         'address2' => 'Los Angeles, CA 90048',
         'jurisdictions' => NULL,
         'resolvedDate' => NULL,
      )),
       'shipFromLocation' => NULL,
       'shipToAddress' => 
      address::__set_state(array(
         'address1' => '8844 Beverly Blvd',
         'address2' => 'Alabama, 90048',
         'jurisdictions' => NULL,
         'resolvedDate' => NULL,
      )),
       'taxAmount' => NULL,
       'taxableSalesAmount' => NULL,
       'taxes' => NULL,
       'unitPrice' => 
      price::__set_state(array(
         'cents' => NULL,
         'decimalValue' => 32.25,
         'dollars' => NULL,
         'negative' => NULL,
      )),
    )),
  ),
))
Result: 
stdClass::__set_state(array(
   'CalculateInvoiceResult' => 
  stdClass::__set_state(array(
     'resultType' => 'SUCCESS',
     'lineItemBundles' => 
    stdClass::__set_state(array(
       'addressForTax' => 
      stdClass::__set_state(array(
         'address' => '8844 BEVERLY BLVD',
         'city' => 'LOS ANGELES',
         'country' => 'USA',
         'fullFipsCode' => '06037',
         'latitude' => 34.077056,
         'longitude' => -118.384966,
         'state' => 'CA',
         'zip' => '90048-2411',
      )),
       'lineItems' => 
      array (
        0 => 
        stdClass::__set_state(array(
           'customReference' => '2432',
           'lineItemNumber' => 1,
           'productCode' => '0467-163',
           'quantity' => 2,
           'nonTaxableSalesAmount' => 
          stdClass::__set_state(array(
             'cents' => 0,
             'decimalValue' => 0,
             'dollars' => 0,
             'negative' => false,
          )),
           'salesAmount' => 
          stdClass::__set_state(array(
             'cents' => 50,
             'decimalValue' => 103.5,
             'dollars' => 103,
             'negative' => false,
          )),
           'shipFromAddress' => 
          stdClass::__set_state(array(
             'address1' => '8844 Beverly Blvd',
             'address2' => 'Los Angeles, CA 90048-2411',
             'country' => 'US',
             'latitude' => 0,
             'longitude' => 0,
          )),
           'shipToAddress' => 
          stdClass::__set_state(array(
             'address1' => '8844 Beverly Blvd',
             'address2' => 'Alabama, CA 90048-2411',
             'country' => 'US',
             'latitude' => 0,
             'longitude' => 0,
          )),
           'taxAmount' => 
          stdClass::__set_state(array(
             'cents' => 32,
             'decimalValue' => 9.32,
             'dollars' => 9,
             'negative' => false,
          )),
           'taxableSalesAmount' => 
          stdClass::__set_state(array(
             'cents' => 50,
             'decimalValue' => 103.5,
             'dollars' => 103,
             'negative' => false,
          )),
           'taxes' => 
          array (
            0 => 
            stdClass::__set_state(array(
               'jurisdictionFips' => '06',
               'jurisdictionLevel' => 'STATE',
               'jurisdictionName' => 'California',
               'effectiveRate' => 0.0625,
               'taxationType' => 'SALES',
               'totalTax' => 
              stdClass::__set_state(array(
                 'cents' => 47,
                 'decimalValue' => 6.47,
                 'dollars' => 6,
                 'negative' => false,
              )),
            )),
            1 => 
            stdClass::__set_state(array(
               'jurisdictionFips' => '037L',
               'jurisdictionLevel' => 'SPECIAL',
               'jurisdictionName' => 'DISTRICT TAX (LACT) (LATC), LOS ANGELES',
               'effectiveRate' => 0.015,
               'taxationType' => 'SALES',
               'totalTax' => 
              stdClass::__set_state(array(
                 'cents' => 55,
                 'decimalValue' => 1.55,
                 'dollars' => 1,
                 'negative' => false,
              )),
            )),
            2 => 
            stdClass::__set_state(array(
               'jurisdictionFips' => '037',
               'jurisdictionLevel' => 'COUNTY',
               'jurisdictionName' => 'LOS ANGELES',
               'effectiveRate' => 0.0125,
               'taxationType' => 'SALES',
               'totalTax' => 
              stdClass::__set_state(array(
                 'cents' => 29,
                 'decimalValue' => 1.29,
                 'dollars' => 1,
                 'negative' => false,
              )),
            )),
          ),
           'unitPrice' => 
          stdClass::__set_state(array(
             'cents' => 75,
             'decimalValue' => 51.75,
             'dollars' => 51,
             'negative' => false,
          )),
        )),
        1 => 
        stdClass::__set_state(array(
           'customReference' => '2433',
           'lineItemNumber' => 2,
           'productCode' => '0467-135',
           'quantity' => 2,
           'nonTaxableSalesAmount' => 
          stdClass::__set_state(array(
             'cents' => 0,
             'decimalValue' => 0,
             'dollars' => 0,
             'negative' => false,
          )),
           'salesAmount' => 
          stdClass::__set_state(array(
             'cents' => 50,
             'decimalValue' => 64.5,
             'dollars' => 64,
             'negative' => false,
          )),
           'shipFromAddress' => 
          stdClass::__set_state(array(
             'address1' => '8844 Beverly Blvd',
             'address2' => 'Los Angeles, CA 90048-2411',
             'country' => 'US',
             'latitude' => 0,
             'longitude' => 0,
          )),
           'shipToAddress' => 
          stdClass::__set_state(array(
             'address1' => '8844 Beverly Blvd',
             'address2' => 'Alabama, CA 90048-2411',
             'country' => 'US',
             'latitude' => 0,
             'longitude' => 0,
          )),
           'taxAmount' => 
          stdClass::__set_state(array(
             'cents' => 81,
             'decimalValue' => 5.81,
             'dollars' => 5,
             'negative' => false,
          )),
           'taxableSalesAmount' => 
          stdClass::__set_state(array(
             'cents' => 50,
             'decimalValue' => 64.5,
             'dollars' => 64,
             'negative' => false,
          )),
           'taxes' => 
          array (
            0 => 
            stdClass::__set_state(array(
               'jurisdictionFips' => '06',
               'jurisdictionLevel' => 'STATE',
               'jurisdictionName' => 'California',
               'effectiveRate' => 0.0625,
               'taxationType' => 'SALES',
               'totalTax' => 
              stdClass::__set_state(array(
                 'cents' => 3,
                 'decimalValue' => 4.03,
                 'dollars' => 4,
                 'negative' => false,
              )),
            )),
            1 => 
            stdClass::__set_state(array(
               'jurisdictionFips' => '037L',
               'jurisdictionLevel' => 'SPECIAL',
               'jurisdictionName' => 'DISTRICT TAX (LACT) (LATC), LOS ANGELES',
               'effectiveRate' => 0.015,
               'taxationType' => 'SALES',
               'totalTax' => 
              stdClass::__set_state(array(
                 'cents' => 97,
                 'decimalValue' => 0.97,
                 'dollars' => 0,
                 'negative' => false,
              )),
            )),
            2 => 
            stdClass::__set_state(array(
               'jurisdictionFips' => '037',
               'jurisdictionLevel' => 'COUNTY',
               'jurisdictionName' => 'LOS ANGELES',
               'effectiveRate' => 0.0125,
               'taxationType' => 'SALES',
               'totalTax' => 
              stdClass::__set_state(array(
                 'cents' => 81,
                 'decimalValue' => 0.81,
                 'dollars' => 0,
                 'negative' => false,
              )),
            )),
          ),
           'unitPrice' => 
          stdClass::__set_state(array(
             'cents' => 25,
             'decimalValue' => 32.25,
             'dollars' => 32,
             'negative' => false,
          )),
        )),
      ),
       'recalculatedJurisdictions' => true,
       'resultType' => 'FULL',
       'taxes' => 
      array (
        0 => 
        stdClass::__set_state(array(
           'jurisdictionFips' => '06',
           'jurisdictionLevel' => 'STATE',
           'jurisdictionName' => 'California',
           'effectiveRate' => 0.0625,
           'totalTax' => 
          stdClass::__set_state(array(
             'cents' => 50,
             'decimalValue' => 10.5,
             'dollars' => 10,
             'negative' => false,
          )),
        )),
        1 => 
        stdClass::__set_state(array(
           'jurisdictionFips' => '037',
           'jurisdictionLevel' => 'COUNTY',
           'jurisdictionName' => 'LOS ANGELES',
           'effectiveRate' => 0.0125,
           'totalTax' => 
          stdClass::__set_state(array(
             'cents' => 10,
             'decimalValue' => 2.1,
             'dollars' => 2,
             'negative' => false,
          )),
        )),
        2 => 
        stdClass::__set_state(array(
           'jurisdictionFips' => '037L',
           'jurisdictionLevel' => 'SPECIAL',
           'jurisdictionName' => 'DISTRICT TAX (LACT) (LATC), LOS ANGELES',
           'effectiveRate' => 0.015,
           'totalTax' => 
          stdClass::__set_state(array(
             'cents' => 52,
             'decimalValue' => 2.52,
             'dollars' => 2,
             'negative' => false,
          )),
        )),
      ),
    )),
     'totalExemptSales' => 
    stdClass::__set_state(array(
       'cents' => 0,
       'decimalValue' => 0,
       'dollars' => 0,
       'negative' => false,
    )),
     'totalSales' => 
    stdClass::__set_state(array(
       'cents' => 0,
       'decimalValue' => 168,
       'dollars' => 168,
       'negative' => false,
    )),
     'totalTax' => 
    stdClass::__set_state(array(
       'cents' => 12,
       'decimalValue' => 15.12,
       'dollars' => 15,
       'negative' => false,
    )),
  )),
))
