
Action: calculateinvoice
Params: 
invoice::__set_state(array(
   'customerIdentifier' => 'Test1',
   'customerName' => NULL,
   'exempt' => NULL,
   'exemptionCertificate' => NULL,
   'exemptionReason' => NULL,
   'invoiceDate' => '2013-06-14T04:47:06',
   'invoiceNumber' => NULL,
   'invoiceType' => 'INVOICE',
   'lineItems' => 
  array (
    0 => 
    lineItem::__set_state(array(
       'customReference' => '381',
       'lineItemNumber' => 1,
       'nonTaxableSalesAmount' => NULL,
       'productCode' => 'CH011 BLK',
       'quantity' => '1',
       'salesAmount' => 
      price::__set_state(array(
         'cents' => NULL,
         'decimalValue' => 170,
         'dollars' => NULL,
         'negative' => NULL,
      )),
       'shipFromAddress' => 
      address::__set_state(array(
         'address1' => '8844 Beverly Blvd',
         'address2' => 'Los Angeles, CA 90048',
         'jurisdictions' => NULL,
         'resolvedDate' => NULL,
      )),
       'shipFromLocation' => NULL,
       'shipToAddress' => 
      address::__set_state(array(
         'address1' => '121',
         'address2' => 'London, California, 95014',
         'jurisdictions' => NULL,
         'resolvedDate' => NULL,
      )),
       'taxAmount' => NULL,
       'taxableSalesAmount' => NULL,
       'taxes' => NULL,
       'unitPrice' => 
      price::__set_state(array(
         'cents' => NULL,
         'decimalValue' => 170,
         'dollars' => NULL,
         'negative' => NULL,
      )),
    )),
  ),
))
Result: 
stdClass::__set_state(array(
   'CalculateInvoiceResult' => 
  stdClass::__set_state(array(
     'resultType' => 'SUCCESS',
     'lineItemBundles' => 
    stdClass::__set_state(array(
       'addressForTax' => 
      stdClass::__set_state(array(
         'address' => '121',
         'city' => 'CUPERTINO',
         'country' => 'USA',
         'fullFipsCode' => '06085',
         'latitude' => 37.3064991068,
         'longitude' => -122.072917144,
         'state' => 'CA',
         'zip' => '95014',
      )),
       'lineItems' => 
      stdClass::__set_state(array(
         'customReference' => '381',
         'lineItemNumber' => 1,
         'productCode' => 'CH011 BLK',
         'quantity' => 1,
         'nonTaxableSalesAmount' => 
        stdClass::__set_state(array(
           'cents' => 0,
           'decimalValue' => 0,
           'dollars' => 0,
           'negative' => false,
        )),
         'salesAmount' => 
        stdClass::__set_state(array(
           'cents' => 0,
           'decimalValue' => 170,
           'dollars' => 170,
           'negative' => false,
        )),
         'shipFromAddress' => 
        stdClass::__set_state(array(
           'address1' => '8844 Beverly Blvd',
           'address2' => 'Los Angeles, CA 90048',
           'country' => 'US',
           'latitude' => 0,
           'longitude' => 0,
        )),
         'shipToAddress' => 
        stdClass::__set_state(array(
           'address1' => '121',
           'address2' => 'London, California, 95014',
           'country' => 'US',
           'latitude' => 0,
           'longitude' => 0,
        )),
         'taxAmount' => 
        stdClass::__set_state(array(
           'cents' => 30,
           'decimalValue' => 15.3,
           'dollars' => 15,
           'negative' => false,
        )),
         'taxableSalesAmount' => 
        stdClass::__set_state(array(
           'cents' => 0,
           'decimalValue' => 170,
           'dollars' => 170,
           'negative' => false,
        )),
         'taxes' => 
        array (
          0 => 
          stdClass::__set_state(array(
             'jurisdictionFips' => '06',
             'jurisdictionLevel' => 'STATE',
             'jurisdictionName' => 'California',
             'effectiveRate' => 0.0625,
             'taxationType' => 'SALES',
             'totalTax' => 
            stdClass::__set_state(array(
               'cents' => 63,
               'decimalValue' => 10.63,
               'dollars' => 10,
               'negative' => false,
            )),
          )),
          1 => 
          stdClass::__set_state(array(
             'jurisdictionFips' => '037L',
             'jurisdictionLevel' => 'SPECIAL',
             'jurisdictionName' => 'DISTRICT TAX (LACT) (LATC), LOS ANGELES',
             'effectiveRate' => 0.015,
             'taxationType' => 'SALES',
             'totalTax' => 
            stdClass::__set_state(array(
               'cents' => 55,
               'decimalValue' => 2.55,
               'dollars' => 2,
               'negative' => false,
            )),
          )),
          2 => 
          stdClass::__set_state(array(
             'jurisdictionFips' => '037',
             'jurisdictionLevel' => 'COUNTY',
             'jurisdictionName' => 'LOS ANGELES',
             'effectiveRate' => 0.0125,
             'taxationType' => 'SALES',
             'totalTax' => 
            stdClass::__set_state(array(
               'cents' => 13,
               'decimalValue' => 2.13,
               'dollars' => 2,
               'negative' => false,
            )),
          )),
        ),
         'unitPrice' => 
        stdClass::__set_state(array(
           'cents' => 0,
           'decimalValue' => 170,
           'dollars' => 170,
           'negative' => false,
        )),
      )),
       'recalculatedJurisdictions' => true,
       'resultType' => 'FALLBACK',
       'taxes' => 
      array (
        0 => 
        stdClass::__set_state(array(
           'jurisdictionFips' => '06',
           'jurisdictionLevel' => 'STATE',
           'jurisdictionName' => 'California',
           'effectiveRate' => 0.0625,
           'totalTax' => 
          stdClass::__set_state(array(
             'cents' => 63,
             'decimalValue' => 10.63,
             'dollars' => 10,
             'negative' => false,
          )),
        )),
        1 => 
        stdClass::__set_state(array(
           'jurisdictionFips' => '037',
           'jurisdictionLevel' => 'COUNTY',
           'jurisdictionName' => 'LOS ANGELES',
           'effectiveRate' => 0.0125,
           'totalTax' => 
          stdClass::__set_state(array(
             'cents' => 13,
             'decimalValue' => 2.13,
             'dollars' => 2,
             'negative' => false,
          )),
        )),
        2 => 
        stdClass::__set_state(array(
           'jurisdictionFips' => '037L',
           'jurisdictionLevel' => 'SPECIAL',
           'jurisdictionName' => 'DISTRICT TAX (LACT) (LATC), LOS ANGELES',
           'effectiveRate' => 0.015,
           'totalTax' => 
          stdClass::__set_state(array(
             'cents' => 55,
             'decimalValue' => 2.55,
             'dollars' => 2,
             'negative' => false,
          )),
        )),
      ),
    )),
     'totalExemptSales' => 
    stdClass::__set_state(array(
       'cents' => 0,
       'decimalValue' => 0,
       'dollars' => 0,
       'negative' => false,
    )),
     'totalSales' => 
    stdClass::__set_state(array(
       'cents' => 0,
       'decimalValue' => 170,
       'dollars' => 170,
       'negative' => false,
    )),
     'totalTax' => 
    stdClass::__set_state(array(
       'cents' => 30,
       'decimalValue' => 15.3,
       'dollars' => 15,
       'negative' => false,
    )),
  )),
))
